Visual Studio Code (1.86.2, wsl, desktop)
Jupyter Extension Version: 2024.1.1.
Python Extension Version: 2024.0.1.
Pylance Extension Version: 2024.2.2.
Platform: linux (x64).
Workspace folder ~/projects/Data-Science-Assingment, Home = /home/musbah
17:06:36.632 [info] Start refreshing Kernel Picker (1708272396632)
17:06:36.688 [info] Using Pylance
17:06:45.728 [info] Start refreshing Interpreter Kernel Picker
17:06:55.396 [info] Starting Kernel startUsingPythonInterpreter, .jvsc74a57bd0850d2df227d66c1632284535de9d010dc1f173e93d874f4e1839c3081337434e.~/projects/Data-Science-Assingment/venv/python.~/projects/Data-Science-Assingment/venv/python.-m#ipykernel_launcher  (Python Path: ~/projects/Data-Science-Assingment/venv/bin/python, Venv, venv, 3.8.10) for '~/projects/Data-Science-Assingment/python-30days-assignment/python crash/numpy100-exercise.ipynb' (disableUI=true)
17:07:01.408 [info] Process Execution: ~/projects/Data-Science-Assingment/venv/bin/python -c "import ipykernel; print(ipykernel.__version__); print("5dc3a68c-e34e-4080-9c3e-2a532b2ccb4d"); print(ipykernel.__file__)"
17:07:03.068 [info] Process Execution: ~/projects/Data-Science-Assingment/venv/bin/python -m pip list
17:07:04.618 [info] Process Execution: ~/projects/Data-Science-Assingment/venv/bin/python -m ipykernel_launcher --f=~/.local/share/jupyter/runtime/kernel-v2-980sb5xjCOpuMoe.json
    > cwd: ~/projects/Data-Science-Assingment/python-30days-assignment/python crash
17:07:04.619 [info] Kernel process 1050.
17:07:15.205 [info] Registering Kernel Completion Provider from kernel venv (Python 3.8.10) for language python
17:07:15.354 [info] Process Execution: ~/projects/Data-Science-Assingment/venv/bin/python ~/.vscode-server/extensions/ms-toolsai.jupyter-2024.1.1-linux-x64/pythonFiles/printJupyterDataDir.py
17:07:15.618 [warn] Got an empty Jupyter Data Dir from ~/projects/Data-Science-Assingment/venv/bin/python, stderr = undefined
17:07:17.229 [info] End refreshing Kernel Picker (1708272396632)
21:15:40.985 [info] Disposing HostJupyterExecution
21:15:40.989 [info] Dispose Kernel '~/projects/Data-Science-Assingment/python-30days-assignment/python crash/numpy100-exercise.ipynb' associated with '~/projects/Data-Science-Assingment/python-30days-assignment/python crash/numpy100-exercise.ipynb'
21:15:40.995 [info] Dispose Kernel process 1050.
21:15:41.099 [info] Disposing HostJupyterExecution
