2024-02-18 16:42:40.661 [info] (Client) Pylance async client (2024.2.2) started with python extension (2024.0.1)
2024-02-18 16:42:49.929 [info] [Info  - 4:42:49 PM] (513) Pylance language server 2024.2.2 (pyright version 1.1.348, commit cfb1de0c) starting
2024-02-18 16:42:49.937 [info] [Info  - 4:42:49 PM] (513) Server root directory: file:///home/musbah/.vscode-server/extensions/ms-python.vscode-pylance-2024.2.2/dist
2024-02-18 16:42:49.940 [info] [Info  - 4:42:49 PM] (513) Starting service instance "Data-Science-Assingment"
2024-02-18 16:42:51.659 [info] [Info  - 4:42:51 PM] (513) Setting pythonPath for service "Data-Science-Assingment": "/home/musbah/projects/Data-Science-Assingment/venv/bin/python"
2024-02-18 16:42:51.660 [info] [Info  - 4:42:51 PM] (513) Setting environmentName for service "Data-Science-Assingment": "3.8.10 (venv venv)"
2024-02-18 16:42:52.241 [info] [Info  - 4:42:52 PM] (513) Assuming Python version 3.8
2024-02-18 16:42:58.840 [info] [Info  - 4:42:58 PM] (513) Auto-excluding /home/musbah/projects/Data-Science-Assingment/python-30days-assignment/virtualenv
2024-02-18 16:42:58.841 [info] [Info  - 4:42:58 PM] (513) Auto-excluding /home/musbah/projects/Data-Science-Assingment/venv
2024-02-18 16:42:58.961 [info] [Info  - 4:42:58 PM] (513) Found 28 source files
2024-02-18 16:42:59.812 [info] [Info  - 4:42:59 PM] (513) Background analysis(1) root directory: file:///home/musbah/.vscode-server/extensions/ms-python.vscode-pylance-2024.2.2/dist
2024-02-18 16:42:59.813 [info] [Info  - 4:42:59 PM] (513) Background analysis(1) started
2024-02-18 16:43:02.900 [info] [Info  - 4:43:02 PM] (513) Indexer background runner(2) root directory: file:///home/musbah/.vscode-server/extensions/ms-python.vscode-pylance-2024.2.2/dist (index)
2024-02-18 16:43:02.901 [info] [Info  - 4:43:02 PM] (513) Indexing(2) started
2024-02-18 16:43:09.214 [info] [Info  - 4:43:09 PM] (513) [BG(1)] Long operation: parsing: file:///home/musbah/.vscode-server/extensions/ms-python.vscode-pylance-2024.2.2/dist/bundled/stubs/IPython-stubs/core/display_functions.pyi (5927ms)
2024-02-18 16:43:09.262 [info] [Info  - 4:43:09 PM] (513) [BG(1)] Long operation: binding: file:///home/musbah/.vscode-server/extensions/ms-python.vscode-pylance-2024.2.2/dist/bundled/stubs/IPython-stubs/display.pyi (6060ms)
2024-02-18 16:43:09.263 [info] [Info  - 4:43:09 PM] (513) [BG(1)] Long operation: binding: file:///home/musbah/projects/Data-Science-Assingment/python-30days-assignment/python%20crash/numpy100-exercise.ipynb.py#pylancePrefixCell (6104ms)
2024-02-18 16:43:30.401 [info] [Info  - 4:43:30 PM] (513) [BG(1)] Long operation: parsing: file:///home/musbah/.vscode-server/extensions/ms-python.vscode-pylance-2024.2.2/dist/typeshed-fallback/stdlib/typing.pyi (16339ms)
2024-02-18 16:43:31.236 [info] [Info  - 4:43:31 PM] (513) [BG(1)] Long operation: checking: file:///home/musbah/projects/Data-Science-Assingment/python-30days-assignment/python%20crash/numpy100-exercise.ipynb.py#Y401sdnNjb2RlLXJlbW90ZQ%3D%3D (20806ms)
2024-02-18 16:43:31.237 [info] [Info  - 4:43:31 PM] (513) [BG(1)] Long operation: analyzing: file:///home/musbah/projects/Data-Science-Assingment/python-30days-assignment/python%20crash/numpy100-exercise.ipynb.py#Y401sdnNjb2RlLXJlbW90ZQ%3D%3D (28474ms)
2024-02-18 16:43:32.291 [info] [Info  - 4:43:32 PM] (513) [IDX(2)] Long operation: scan packages file:///home/musbah/projects/Data-Science-Assingment (29378ms)
2024-02-18 16:43:32.292 [info] [Info  - 4:43:32 PM] (513) scanned(2) 96 files over 1 exec env
2024-02-18 16:43:38.396 [info] [Info  - 4:43:38 PM] (513) [BG(1)] Long operation: analyzing: file:///home/musbah/projects/Data-Science-Assingment/python-30days-assignment/python%20crash/numpy100-exercise.ipynb.py#pylancePrefixCell (33264ms)
2024-02-18 16:43:40.041 [info] [Info  - 4:43:40 PM] (513) indexed(2) 78 files over 1 exec env
2024-02-18 16:43:40.252 [info] [Info  - 4:43:40 PM] (513) Indexing finished(2).
2024-02-18 16:43:58.125 [info] [Info  - 4:43:58 PM] (513) [FG] Long operation: parsing: file:///home/musbah/.local/lib/python3.9/site-packages/numpy/__init__.py (2051ms)
2024-02-18 16:44:12.160 [info] [Info  - 4:44:12 PM] (513) [BG(1)] Long operation: parsing: file:///home/musbah/projects/Data-Science-Assingment/venv/lib/python3.8/site-packages/numpy/ma/core.pyi (4483ms)
2024-02-18 16:44:24.015 [info] [Info  - 4:44:24 PM] (513) [BG(1)] Long operation: parsing: file:///home/musbah/.local/lib/python3.9/site-packages/numpy/core/einsumfunc.pyi (3404ms)
2024-02-18 16:44:27.041 [info] [Info  - 4:44:27 PM] (513) [BG(1)] Long operation: checking: file:///home/musbah/.local/lib/python3.9/site-packages/numpy/__init__.py (25552ms)
2024-02-18 16:44:27.042 [info] [Info  - 4:44:27 PM] (513) [BG(1)] Long operation: analyzing: file:///home/musbah/.local/lib/python3.9/site-packages/numpy/__init__.py (26489ms)
2024-02-18 16:50:28.273 [info] [Info  - 4:50:28 PM] (513) Auto-excluding /home/musbah/projects/Data-Science-Assingment/python-30days-assignment/virtualenv
2024-02-18 16:50:28.273 [info] [Info  - 4:50:28 PM] (513) Auto-excluding /home/musbah/projects/Data-Science-Assingment/venv
2024-02-18 16:50:28.429 [info] [Info  - 4:50:28 PM] (513) Found 127 source files
2024-02-18 16:50:33.337 [info] [Info  - 4:50:33 PM] (513) [BG(1)] Long operation: analyzing: file:///home/musbah/projects/Data-Science-Assingment/python-30days-assignment/python%20crash/numpy100-exercise.ipynb.py#pylancePrefixCell (4649ms)
2024-02-18 16:50:36.227 [info] [Info  - 4:50:36 PM] (513) Indexer background runner(3) root directory: file:///home/musbah/.vscode-server/extensions/ms-python.vscode-pylance-2024.2.2/dist (refresh)
2024-02-18 16:50:36.228 [info] [Info  - 4:50:36 PM] (513) Indexing(3) started
2024-02-18 16:50:36.266 [info] [Info  - 4:50:36 PM] (513) [BG(1)] Long operation: analyzing: file:///home/musbah/projects/Data-Science-Assingment/python-30days-assignment/python%20crash/numpy100-exercise.ipynb.py#pylancePrefixCell (2909ms)
2024-02-18 16:50:44.621 [info] [Info  - 4:50:44 PM] (513) [BG(1)] Long operation: parsing: file:///home/musbah/projects/Data-Science-Assingment/venv/lib/python3.8/site-packages/numpy/core/fromnumeric.pyi (5087ms)
2024-02-18 16:50:47.114 [info] [Info  - 4:50:47 PM] (513) [IDX(3)] Long operation: scan packages file:///home/musbah/projects/Data-Science-Assingment (10870ms)
2024-02-18 16:50:47.114 [info] [Info  - 4:50:47 PM] (513) scanned(3) 97 files over 1 exec env
2024-02-18 16:50:48.078 [info] [Info  - 4:50:48 PM] (513) Auto-excluding /home/musbah/projects/Data-Science-Assingment/python-30days-assignment/virtualenv
2024-02-18 16:50:48.078 [info] [Info  - 4:50:48 PM] (513) Auto-excluding /home/musbah/projects/Data-Science-Assingment/venv
2024-02-18 16:50:48.238 [info] [Info  - 4:50:48 PM] (513) Found 127 source files
2024-02-18 16:50:48.245 [info] [Info  - 4:50:48 PM] (513) [BG(1)] Long operation: checking: file:///home/musbah/.local/lib/python3.9/site-packages/numpy/__init__.py (11287ms)
2024-02-18 16:50:48.245 [info] [Info  - 4:50:48 PM] (513) [BG(1)] Long operation: analyzing: file:///home/musbah/.local/lib/python3.9/site-packages/numpy/__init__.py (11648ms)
2024-02-18 16:50:55.024 [info] [Info  - 4:50:55 PM] (513) Auto-excluding /home/musbah/projects/Data-Science-Assingment/python-30days-assignment/virtualenv
2024-02-18 16:50:55.036 [info] [Info  - 4:50:55 PM] (513) Auto-excluding /home/musbah/projects/Data-Science-Assingment/venv
2024-02-18 16:50:55.135 [info] [Info  - 4:50:55 PM] (513) Found 127 source files
2024-02-18 16:50:55.141 [info] [Info  - 4:50:55 PM] (513) Indexing finished(3).
2024-02-18 16:50:55.266 [info] [Info  - 4:50:55 PM] (513) Auto-excluding /home/musbah/projects/Data-Science-Assingment/python-30days-assignment/virtualenv
2024-02-18 16:50:55.272 [info] [Info  - 4:50:55 PM] (513) Auto-excluding /home/musbah/projects/Data-Science-Assingment/venv
2024-02-18 16:50:55.403 [info] [Info  - 4:50:55 PM] (513) Found 127 source files
2024-02-18 16:50:55.951 [info] [Info  - 4:50:55 PM] (513) Auto-excluding /home/musbah/projects/Data-Science-Assingment/python-30days-assignment/virtualenv
2024-02-18 16:50:55.951 [info] [Info  - 4:50:55 PM] (513) Auto-excluding /home/musbah/projects/Data-Science-Assingment/venv
2024-02-18 16:50:55.974 [info] [Info  - 4:50:55 PM] (513) Found 127 source files
2024-02-18 16:50:56.072 [info] [Info  - 4:50:56 PM] (513) Auto-excluding /home/musbah/projects/Data-Science-Assingment/python-30days-assignment/virtualenv
2024-02-18 16:50:56.072 [info] [Info  - 4:50:56 PM] (513) Auto-excluding /home/musbah/projects/Data-Science-Assingment/venv
2024-02-18 16:50:56.200 [info] [Info  - 4:50:56 PM] (513) Found 127 source files
2024-02-18 16:50:57.337 [info] [Info  - 4:50:57 PM] (513) Auto-excluding /home/musbah/projects/Data-Science-Assingment/python-30days-assignment/virtualenv
2024-02-18 16:50:57.337 [info] [Info  - 4:50:57 PM] (513) Auto-excluding /home/musbah/projects/Data-Science-Assingment/venv
2024-02-18 16:50:57.392 [info] [Info  - 4:50:57 PM] (513) Found 127 source files
2024-02-18 16:50:57.394 [info] [Info  - 4:50:57 PM] (513) Indexer background runner(4) root directory: file:///home/musbah/.vscode-server/extensions/ms-python.vscode-pylance-2024.2.2/dist (refresh)
2024-02-18 16:50:57.394 [info] [Info  - 4:50:57 PM] (513) Indexing(4) started
2024-02-18 16:50:57.397 [info] [Info  - 4:50:57 PM] (513) Indexing finished(4).
2024-02-18 16:50:58.652 [info] [Info  - 4:50:58 PM] (513) Auto-excluding /home/musbah/projects/Data-Science-Assingment/python-30days-assignment/virtualenv
2024-02-18 16:50:58.654 [info] [Info  - 4:50:58 PM] (513) Auto-excluding /home/musbah/projects/Data-Science-Assingment/venv
2024-02-18 16:50:58.814 [info] [Info  - 4:50:58 PM] (513) Found 127 source files
2024-02-18 16:51:04.650 [info] [Info  - 4:51:04 PM] (513) [BG(1)] Long operation: binding: file:///home/musbah/.vscode-server/extensions/ms-python.vscode-pylance-2024.2.2/dist/typeshed-fallback/stdlib/builtins.pyi (5119ms)
2024-02-18 16:51:04.679 [info] [Info  - 4:51:04 PM] (513) [BG(1)] Long operation: analyzing: file:///home/musbah/projects/Data-Science-Assingment/python-30days-assignment/python%20crash/numpy100-exercise.ipynb.py#Y401sdnNjb2RlLXJlbW90ZQ%3D%3D (5576ms)
2024-02-18 16:51:04.683 [info] [Info  - 4:51:04 PM] (513) [BG(1)] Long operation: analyzing: file:///home/musbah/projects/Data-Science-Assingment/python-30days-assignment/python%20crash/numpy100-exercise.ipynb.py#pylancePrefixCell (5577ms)
2024-02-18 16:51:05.282 [info] [Info  - 4:51:05 PM] (513) Auto-excluding /home/musbah/projects/Data-Science-Assingment/python-30days-assignment/virtualenv
2024-02-18 16:51:05.282 [info] [Info  - 4:51:05 PM] (513) Auto-excluding /home/musbah/projects/Data-Science-Assingment/venv
2024-02-18 16:51:05.369 [info] [Info  - 4:51:05 PM] (513) Found 127 source files
2024-02-18 16:51:06.273 [info] [Info  - 4:51:06 PM] (513) Auto-excluding /home/musbah/projects/Data-Science-Assingment/python-30days-assignment/virtualenv
2024-02-18 16:51:06.273 [info] [Info  - 4:51:06 PM] (513) Auto-excluding /home/musbah/projects/Data-Science-Assingment/venv
2024-02-18 16:51:06.387 [info] [Info  - 4:51:06 PM] (513) Found 127 source files
2024-02-18 16:51:07.129 [info] [Info  - 4:51:07 PM] (513) Indexer background runner(5) root directory: file:///home/musbah/.vscode-server/extensions/ms-python.vscode-pylance-2024.2.2/dist (refresh)
2024-02-18 16:51:07.130 [info] [Info  - 4:51:07 PM] (513) Indexing(5) started
2024-02-18 16:51:07.147 [info] [Info  - 4:51:07 PM] (513) Indexing finished(5).
2024-02-18 16:51:08.892 [info] [Info  - 4:51:08 PM] (513) [BG(1)] Long operation: analyzing: file:///home/musbah/projects/Data-Science-Assingment/python-30days-assignment/python%20crash/numpy100-exercise.ipynb.py#pylancePrefixCell (2281ms)
2024-02-18 16:51:14.598 [info] [Info  - 4:51:14 PM] (513) [BG(1)] Long operation: parsing: file:///home/musbah/projects/Data-Science-Assingment/venv/lib/python3.8/site-packages/numpy/_typing/_generic_alias.py (5104ms)
2024-02-18 16:51:14.599 [info] [Info  - 4:51:14 PM] (513) [BG(1)] Long operation: checking: file:///home/musbah/.local/lib/python3.9/site-packages/numpy/__init__.py (5428ms)
2024-02-18 16:51:14.599 [info] [Info  - 4:51:14 PM] (513) [BG(1)] Long operation: analyzing: file:///home/musbah/.local/lib/python3.9/site-packages/numpy/__init__.py (5612ms)
2024-02-18 16:51:17.422 [info] [Info  - 4:51:17 PM] (513) [BG(1)] Long operation: analyzing: file:///home/musbah/projects/Data-Science-Assingment/python-30days-assignment/python%20crash/numpy100-exercise.ipynb.py#pylancePrefixCell (2798ms)
2024-02-18 16:51:17.675 [info] [Info  - 4:51:17 PM] (513) Indexer background runner(6) root directory: file:///home/musbah/.vscode-server/extensions/ms-python.vscode-pylance-2024.2.2/dist (refresh)
2024-02-18 16:51:17.675 [info] [Info  - 4:51:17 PM] (513) Indexing(6) started
2024-02-18 16:51:24.772 [info] [Info  - 4:51:24 PM] (513) [BG(1)] Long operation: checking: file:///home/musbah/.local/lib/python3.9/site-packages/numpy/__init__.py (6818ms)
2024-02-18 16:51:24.773 [info] [Info  - 4:51:24 PM] (513) [BG(1)] Long operation: analyzing: file:///home/musbah/.local/lib/python3.9/site-packages/numpy/__init__.py (7085ms)
2024-02-18 16:51:24.777 [info] [Info  - 4:51:24 PM] (513) [IDX(6)] Long operation: scan packages file:///home/musbah/projects/Data-Science-Assingment (7116ms)
2024-02-18 16:51:24.782 [info] [Info  - 4:51:24 PM] (513) Indexing finished(6).
2024-02-18 16:51:24.899 [info] [Info  - 4:51:24 PM] (513) Auto-excluding /home/musbah/projects/Data-Science-Assingment/python-30days-assignment/virtualenv
2024-02-18 16:51:24.899 [info] [Info  - 4:51:24 PM] (513) Auto-excluding /home/musbah/projects/Data-Science-Assingment/venv
2024-02-18 16:51:25.082 [info] [Info  - 4:51:25 PM] (513) Found 127 source files
2024-02-18 16:51:25.193 [info] [Info  - 4:51:25 PM] (513) Auto-excluding /home/musbah/projects/Data-Science-Assingment/python-30days-assignment/virtualenv
2024-02-18 16:51:25.193 [info] [Info  - 4:51:25 PM] (513) Auto-excluding /home/musbah/projects/Data-Science-Assingment/venv
2024-02-18 16:51:25.334 [info] [Info  - 4:51:25 PM] (513) Found 127 source files
2024-02-18 16:51:25.779 [info] [Info  - 4:51:25 PM] (513) Auto-excluding /home/musbah/projects/Data-Science-Assingment/python-30days-assignment/virtualenv
2024-02-18 16:51:25.779 [info] [Info  - 4:51:25 PM] (513) Auto-excluding /home/musbah/projects/Data-Science-Assingment/venv
2024-02-18 16:51:25.935 [info] [Info  - 4:51:25 PM] (513) Found 127 source files
2024-02-18 16:51:27.023 [info] [Info  - 4:51:27 PM] (513) Auto-excluding /home/musbah/projects/Data-Science-Assingment/python-30days-assignment/virtualenv
2024-02-18 16:51:27.024 [info] [Info  - 4:51:27 PM] (513) Auto-excluding /home/musbah/projects/Data-Science-Assingment/venv
2024-02-18 16:51:27.148 [info] [Info  - 4:51:27 PM] (513) Found 127 source files
2024-02-18 16:51:27.767 [info] [Info  - 4:51:27 PM] (513) Auto-excluding /home/musbah/projects/Data-Science-Assingment/python-30days-assignment/virtualenv
2024-02-18 16:51:27.767 [info] [Info  - 4:51:27 PM] (513) Auto-excluding /home/musbah/projects/Data-Science-Assingment/venv
2024-02-18 16:51:27.837 [info] [Info  - 4:51:27 PM] (513) Found 127 source files
2024-02-18 16:51:28.124 [info] [Info  - 4:51:28 PM] (513) Auto-excluding /home/musbah/projects/Data-Science-Assingment/python-30days-assignment/virtualenv
2024-02-18 16:51:28.124 [info] [Info  - 4:51:28 PM] (513) Auto-excluding /home/musbah/projects/Data-Science-Assingment/venv
2024-02-18 16:51:28.237 [info] [Info  - 4:51:28 PM] (513) Found 127 source files
2024-02-18 16:51:29.262 [info] [Info  - 4:51:29 PM] (513) Auto-excluding /home/musbah/projects/Data-Science-Assingment/python-30days-assignment/virtualenv
2024-02-18 16:51:29.262 [info] [Info  - 4:51:29 PM] (513) Auto-excluding /home/musbah/projects/Data-Science-Assingment/venv
2024-02-18 16:51:29.356 [info] [Info  - 4:51:29 PM] (513) Found 127 source files
2024-02-18 16:51:34.739 [info] [Info  - 4:51:34 PM] (513) [BG(1)] Long operation: binding: file:///home/musbah/projects/Data-Science-Assingment/python-30days-assignment/python%20crash/numpy100-exercise.ipynb.py#Y335sdnNjb2RlLXJlbW90ZQ%3D%3D (5212ms)
2024-02-18 16:51:34.788 [info] [Info  - 4:51:34 PM] (513) [BG(1)] Long operation: analyzing: file:///home/musbah/projects/Data-Science-Assingment/python-30days-assignment/python%20crash/numpy100-exercise.ipynb.py#Y401sdnNjb2RlLXJlbW90ZQ%3D%3D (5877ms)
2024-02-18 16:51:34.790 [info] [Info  - 4:51:34 PM] (513) [BG(1)] Long operation: analyzing: file:///home/musbah/projects/Data-Science-Assingment/python-30days-assignment/python%20crash/numpy100-exercise.ipynb.py#pylancePrefixCell (5878ms)
2024-02-18 16:51:35.317 [info] [Info  - 4:51:35 PM] (513) Auto-excluding /home/musbah/projects/Data-Science-Assingment/python-30days-assignment/virtualenv
2024-02-18 16:51:35.317 [info] [Info  - 4:51:35 PM] (513) Auto-excluding /home/musbah/projects/Data-Science-Assingment/venv
2024-02-18 16:51:35.520 [info] [Info  - 4:51:35 PM] (513) Found 127 source files
2024-02-18 16:51:36.293 [info] [Info  - 4:51:36 PM] (513) Auto-excluding /home/musbah/projects/Data-Science-Assingment/python-30days-assignment/virtualenv
2024-02-18 16:51:36.294 [info] [Info  - 4:51:36 PM] (513) Auto-excluding /home/musbah/projects/Data-Science-Assingment/venv
2024-02-18 16:51:36.479 [info] [Info  - 4:51:36 PM] (513) Found 127 source files
2024-02-18 16:51:37.528 [info] [Info  - 4:51:37 PM] (513) Auto-excluding /home/musbah/projects/Data-Science-Assingment/python-30days-assignment/virtualenv
2024-02-18 16:51:37.528 [info] [Info  - 4:51:37 PM] (513) Auto-excluding /home/musbah/projects/Data-Science-Assingment/venv
2024-02-18 16:51:37.673 [info] [Info  - 4:51:37 PM] (513) Found 127 source files
2024-02-18 16:51:37.674 [info] [Info  - 4:51:37 PM] (513) Indexer background runner(7) root directory: file:///home/musbah/.vscode-server/extensions/ms-python.vscode-pylance-2024.2.2/dist (refresh)
2024-02-18 16:51:37.674 [info] [Info  - 4:51:37 PM] (513) Indexing(7) started
2024-02-18 16:51:37.687 [info] [Info  - 4:51:37 PM] (513) Indexing finished(7).
2024-02-18 16:51:45.300 [info] [Info  - 4:51:45 PM] (513) [BG(1)] Long operation: checking: file:///home/musbah/projects/Data-Science-Assingment/python-30days-assignment/python%20crash/numpy100-exercise.ipynb.py#Y313sdnNjb2RlLXJlbW90ZQ%3D%3D (5482ms)
2024-02-18 16:51:45.301 [info] [Info  - 4:51:45 PM] (513) [BG(1)] Long operation: analyzing: file:///home/musbah/projects/Data-Science-Assingment/python-30days-assignment/python%20crash/numpy100-exercise.ipynb.py#Y313sdnNjb2RlLXJlbW90ZQ%3D%3D (5482ms)
2024-02-18 16:51:45.301 [info] [Info  - 4:51:45 PM] (513) [BG(1)] Long operation: analyzing: file:///home/musbah/projects/Data-Science-Assingment/python-30days-assignment/python%20crash/numpy100-exercise.ipynb.py#pylancePrefixCell (6811ms)
2024-02-18 16:51:45.364 [info] [Info  - 4:51:45 PM] (513) Auto-excluding /home/musbah/projects/Data-Science-Assingment/python-30days-assignment/virtualenv
2024-02-18 16:51:45.364 [info] [Info  - 4:51:45 PM] (513) Auto-excluding /home/musbah/projects/Data-Science-Assingment/venv
2024-02-18 16:51:45.444 [info] [Info  - 4:51:45 PM] (513) Found 127 source files
2024-02-18 16:51:45.787 [info] [Info  - 4:51:45 PM] (513) Auto-excluding /home/musbah/projects/Data-Science-Assingment/python-30days-assignment/virtualenv
2024-02-18 16:51:45.787 [info] [Info  - 4:51:45 PM] (513) Auto-excluding /home/musbah/projects/Data-Science-Assingment/venv
2024-02-18 16:51:45.891 [info] [Info  - 4:51:45 PM] (513) Found 127 source files
2024-02-18 16:51:46.318 [info] [Info  - 4:51:46 PM] (513) Auto-excluding /home/musbah/projects/Data-Science-Assingment/python-30days-assignment/virtualenv
2024-02-18 16:51:46.318 [info] [Info  - 4:51:46 PM] (513) Auto-excluding /home/musbah/projects/Data-Science-Assingment/venv
2024-02-18 16:51:46.438 [info] [Info  - 4:51:46 PM] (513) Found 127 source files
2024-02-18 16:51:49.406 [info] [Info  - 4:51:49 PM] (513) [BG(1)] Long operation: analyzing: file:///home/musbah/projects/Data-Science-Assingment/python-30days-assignment/python%20crash/numpy100-exercise.ipynb.py#pylancePrefixCell (2193ms)
2024-02-18 16:51:55.148 [info] [Info  - 4:51:55 PM] (513) [BG(1)] Long operation: parsing: file:///home/musbah/projects/Data-Science-Assingment/venv/lib/python3.8/site-packages/numpy/lib/__init__.pyi (5094ms)
2024-02-18 16:51:55.244 [info] [Info  - 4:51:55 PM] (513) [BG(1)] Long operation: checking: file:///home/musbah/.local/lib/python3.9/site-packages/numpy/__init__.py (5537ms)
2024-02-18 16:51:55.244 [info] [Info  - 4:51:55 PM] (513) [BG(1)] Long operation: analyzing: file:///home/musbah/.local/lib/python3.9/site-packages/numpy/__init__.py (5751ms)
2024-02-18 16:51:57.442 [info] [Info  - 4:51:57 PM] (513) [BG(1)] Long operation: analyzing: file:///home/musbah/projects/Data-Science-Assingment/python-30days-assignment/python%20crash/numpy100-exercise.ipynb.py#pylancePrefixCell (2156ms)
2024-02-18 16:51:57.808 [info] [Info  - 4:51:57 PM] (513) Indexer background runner(8) root directory: file:///home/musbah/.vscode-server/extensions/ms-python.vscode-pylance-2024.2.2/dist (refresh)
2024-02-18 16:51:57.808 [info] [Info  - 4:51:57 PM] (513) Indexing(8) started
2024-02-18 16:51:59.763 [info] [Info  - 4:51:59 PM] (513) Auto-excluding /home/musbah/projects/Data-Science-Assingment/python-30days-assignment/virtualenv
2024-02-18 16:51:59.764 [info] [Info  - 4:51:59 PM] (513) Auto-excluding /home/musbah/projects/Data-Science-Assingment/venv
2024-02-18 16:51:59.935 [info] [Info  - 4:51:59 PM] (513) Found 127 source files
2024-02-18 16:51:59.936 [info] [Info  - 4:51:59 PM] (513) [IDX(8)] Long operation: scan packages file:///home/musbah/projects/Data-Science-Assingment (2146ms)
2024-02-18 16:52:00.167 [info] [Info  - 4:52:00 PM] (513) Indexing finished(8).
2024-02-18 16:52:05.367 [info] [Info  - 4:52:05 PM] (513) Auto-excluding /home/musbah/projects/Data-Science-Assingment/python-30days-assignment/virtualenv
2024-02-18 16:52:05.368 [info] [Info  - 4:52:05 PM] (513) Auto-excluding /home/musbah/projects/Data-Science-Assingment/venv
2024-02-18 16:52:05.503 [info] [Info  - 4:52:05 PM] (513) Found 127 source files
2024-02-18 16:52:06.073 [info] [Info  - 4:52:06 PM] (513) Auto-excluding /home/musbah/projects/Data-Science-Assingment/python-30days-assignment/virtualenv
2024-02-18 16:52:06.073 [info] [Info  - 4:52:06 PM] (513) Auto-excluding /home/musbah/projects/Data-Science-Assingment/venv
2024-02-18 16:52:06.174 [info] [Info  - 4:52:06 PM] (513) Found 127 source files
2024-02-18 16:52:06.736 [info] [Info  - 4:52:06 PM] (513) Auto-excluding /home/musbah/projects/Data-Science-Assingment/python-30days-assignment/virtualenv
2024-02-18 16:52:06.736 [info] [Info  - 4:52:06 PM] (513) Auto-excluding /home/musbah/projects/Data-Science-Assingment/venv
2024-02-18 16:52:06.857 [info] [Info  - 4:52:06 PM] (513) Found 127 source files
2024-02-18 16:52:06.979 [info] [Info  - 4:52:06 PM] (513) Auto-excluding /home/musbah/projects/Data-Science-Assingment/python-30days-assignment/virtualenv
2024-02-18 16:52:06.980 [info] [Info  - 4:52:06 PM] (513) Auto-excluding /home/musbah/projects/Data-Science-Assingment/venv
2024-02-18 16:52:07.067 [info] [Info  - 4:52:07 PM] (513) Found 127 source files
2024-02-18 16:52:15.370 [info] [Info  - 4:52:15 PM] (513) [BG(1)] Long operation: checking: file:///home/musbah/projects/Data-Science-Assingment/python-30days-assignment/python%20crash/numpy100-exercise.ipynb.py#Y100sdnNjb2RlLXJlbW90ZQ%3D%3D (5083ms)
2024-02-18 16:52:15.371 [info] [Info  - 4:52:15 PM] (513) [BG(1)] Long operation: analyzing: file:///home/musbah/projects/Data-Science-Assingment/python-30days-assignment/python%20crash/numpy100-exercise.ipynb.py#Y100sdnNjb2RlLXJlbW90ZQ%3D%3D (5083ms)
2024-02-18 16:52:15.371 [info] [Info  - 4:52:15 PM] (513) [BG(1)] Long operation: analyzing: file:///home/musbah/projects/Data-Science-Assingment/python-30days-assignment/python%20crash/numpy100-exercise.ipynb.py#pylancePrefixCell (7079ms)
2024-02-18 16:52:15.587 [info] [Info  - 4:52:15 PM] (513) Auto-excluding /home/musbah/projects/Data-Science-Assingment/python-30days-assignment/virtualenv
2024-02-18 16:52:15.587 [info] [Info  - 4:52:15 PM] (513) Auto-excluding /home/musbah/projects/Data-Science-Assingment/venv
2024-02-18 16:52:15.960 [info] [Info  - 4:52:15 PM] (513) Found 127 source files
2024-02-18 16:52:16.182 [info] [Info  - 4:52:16 PM] (513) Auto-excluding /home/musbah/projects/Data-Science-Assingment/python-30days-assignment/virtualenv
2024-02-18 16:52:16.183 [info] [Info  - 4:52:16 PM] (513) Auto-excluding /home/musbah/projects/Data-Science-Assingment/venv
2024-02-18 16:52:16.287 [info] [Info  - 4:52:16 PM] (513) Found 127 source files
2024-02-18 16:52:16.516 [info] [Info  - 4:52:16 PM] (513) Auto-excluding /home/musbah/projects/Data-Science-Assingment/python-30days-assignment/virtualenv
2024-02-18 16:52:16.517 [info] [Info  - 4:52:16 PM] (513) Auto-excluding /home/musbah/projects/Data-Science-Assingment/venv
2024-02-18 16:52:16.663 [info] [Info  - 4:52:16 PM] (513) Found 127 source files
2024-02-18 16:52:17.251 [info] [Info  - 4:52:17 PM] (513) Auto-excluding /home/musbah/projects/Data-Science-Assingment/python-30days-assignment/virtualenv
2024-02-18 16:52:17.251 [info] [Info  - 4:52:17 PM] (513) Auto-excluding /home/musbah/projects/Data-Science-Assingment/venv
2024-02-18 16:52:17.339 [info] [Info  - 4:52:17 PM] (513) Found 127 source files
2024-02-18 16:52:17.696 [info] [Info  - 4:52:17 PM] (513) Auto-excluding /home/musbah/projects/Data-Science-Assingment/python-30days-assignment/virtualenv
2024-02-18 16:52:17.699 [info] [Info  - 4:52:17 PM] (513) Auto-excluding /home/musbah/projects/Data-Science-Assingment/venv
2024-02-18 16:52:17.794 [info] [Info  - 4:52:17 PM] (513) Found 127 source files
2024-02-18 16:52:18.460 [info] [Info  - 4:52:18 PM] (513) Auto-excluding /home/musbah/projects/Data-Science-Assingment/python-30days-assignment/virtualenv
2024-02-18 16:52:18.461 [info] [Info  - 4:52:18 PM] (513) Auto-excluding /home/musbah/projects/Data-Science-Assingment/venv
2024-02-18 16:52:18.621 [info] [Info  - 4:52:18 PM] (513) Found 127 source files
2024-02-18 16:52:19.212 [info] [Info  - 4:52:19 PM] (513) Auto-excluding /home/musbah/projects/Data-Science-Assingment/python-30days-assignment/virtualenv
2024-02-18 16:52:19.212 [info] [Info  - 4:52:19 PM] (513) Auto-excluding /home/musbah/projects/Data-Science-Assingment/venv
2024-02-18 16:52:19.292 [info] [Info  - 4:52:19 PM] (513) Found 127 source files
2024-02-18 16:52:19.913 [info] [Info  - 4:52:19 PM] (513) Auto-excluding /home/musbah/projects/Data-Science-Assingment/python-30days-assignment/virtualenv
2024-02-18 16:52:19.914 [info] [Info  - 4:52:19 PM] (513) Auto-excluding /home/musbah/projects/Data-Science-Assingment/venv
2024-02-18 16:52:25.249 [info] [Info  - 4:52:25 PM] (513) Found 127 source files
2024-02-18 16:52:25.709 [info] [Info  - 4:52:25 PM] (513) Auto-excluding /home/musbah/projects/Data-Science-Assingment/python-30days-assignment/virtualenv
2024-02-18 16:52:25.710 [info] [Info  - 4:52:25 PM] (513) Auto-excluding /home/musbah/projects/Data-Science-Assingment/venv
2024-02-18 16:52:26.111 [info] [Info  - 4:52:26 PM] (513) Found 127 source files
2024-02-18 16:52:28.692 [info] [Info  - 4:52:28 PM] (513) Indexer background runner(9) root directory: file:///home/musbah/.vscode-server/extensions/ms-python.vscode-pylance-2024.2.2/dist (refresh)
2024-02-18 16:52:28.692 [info] [Info  - 4:52:28 PM] (513) Indexing(9) started
2024-02-18 16:52:28.733 [info] [Info  - 4:52:28 PM] (513) Indexing finished(9).
2024-02-18 16:52:35.318 [info] [Info  - 4:52:35 PM] (513) [BG(1)] Long operation: checking: file:///home/musbah/projects/Data-Science-Assingment/python-30days-assignment/python%20crash/numpy100-exercise.ipynb.py#W3sdnNjb2RlLXJlbW90ZQ%3D%3D (4756ms)
2024-02-18 16:52:35.319 [info] [Info  - 4:52:35 PM] (513) [BG(1)] Long operation: analyzing: file:///home/musbah/projects/Data-Science-Assingment/python-30days-assignment/python%20crash/numpy100-exercise.ipynb.py#W3sdnNjb2RlLXJlbW90ZQ%3D%3D (4764ms)
2024-02-18 16:52:35.321 [info] [Info  - 4:52:35 PM] (513) [BG(1)] Long operation: analyzing: file:///home/musbah/projects/Data-Science-Assingment/python-30days-assignment/python%20crash/numpy100-exercise.ipynb.py#pylancePrefixCell (7709ms)
2024-02-18 16:52:37.699 [info] [Info  - 4:52:37 PM] (513) [BG(1)] Long operation: analyzing: file:///home/musbah/projects/Data-Science-Assingment/python-30days-assignment/python%20crash/numpy100-exercise.ipynb.py#pylancePrefixCell (2319ms)
2024-02-18 16:52:38.625 [info] [Info  - 4:52:38 PM] (513) Indexer background runner(10) root directory: file:///home/musbah/.vscode-server/extensions/ms-python.vscode-pylance-2024.2.2/dist (refresh)
2024-02-18 16:52:38.625 [info] [Info  - 4:52:38 PM] (513) Indexing(10) started
2024-02-18 16:52:47.628 [info] [Info  - 4:52:47 PM] (513) [IDX(10)] Long operation: scan packages file:///home/musbah/projects/Data-Science-Assingment (9554ms)
2024-02-18 16:52:47.650 [info] [Info  - 4:52:47 PM] (513) [BG(1)] Long operation: checking: file:///home/musbah/.local/lib/python3.9/site-packages/numpy/__init__.py (9502ms)
2024-02-18 16:52:47.650 [info] [Info  - 4:52:47 PM] (513) [BG(1)] Long operation: analyzing: file:///home/musbah/.local/lib/python3.9/site-packages/numpy/__init__.py (9659ms)
2024-02-18 16:52:47.653 [info] [Info  - 4:52:47 PM] (513) Indexing finished(10).
2024-02-18 16:52:47.751 [info] [Info  - 4:52:47 PM] (513) Auto-excluding /home/musbah/projects/Data-Science-Assingment/python-30days-assignment/virtualenv
2024-02-18 16:52:47.752 [info] [Info  - 4:52:47 PM] (513) Auto-excluding /home/musbah/projects/Data-Science-Assingment/venv
2024-02-18 16:52:47.933 [info] [Info  - 4:52:47 PM] (513) Found 127 source files
2024-02-18 16:52:48.419 [info] [Info  - 4:52:48 PM] (513) Auto-excluding /home/musbah/projects/Data-Science-Assingment/python-30days-assignment/virtualenv
2024-02-18 16:52:48.419 [info] [Info  - 4:52:48 PM] (513) Auto-excluding /home/musbah/projects/Data-Science-Assingment/venv
2024-02-18 16:52:48.512 [info] [Info  - 4:52:48 PM] (513) Found 127 source files
2024-02-18 16:52:49.073 [info] [Info  - 4:52:49 PM] (513) Auto-excluding /home/musbah/projects/Data-Science-Assingment/python-30days-assignment/virtualenv
2024-02-18 16:52:49.074 [info] [Info  - 4:52:49 PM] (513) Auto-excluding /home/musbah/projects/Data-Science-Assingment/venv
2024-02-18 16:52:49.155 [info] [Info  - 4:52:49 PM] (513) Found 127 source files
2024-02-18 16:52:49.509 [info] [Info  - 4:52:49 PM] (513) Auto-excluding /home/musbah/projects/Data-Science-Assingment/python-30days-assignment/virtualenv
2024-02-18 16:52:49.509 [info] [Info  - 4:52:49 PM] (513) Auto-excluding /home/musbah/projects/Data-Science-Assingment/venv
2024-02-18 16:52:49.849 [info] [Info  - 4:52:49 PM] (513) Found 127 source files
2024-02-18 16:52:55.636 [info] [Info  - 4:52:55 PM] (513) [BG(1)] Long operation: parsing: file:///home/musbah/projects/Data-Science-Assingment/python-30days-assignment/python%20crash/numpy100-exercise.ipynb.py#Y366sdnNjb2RlLXJlbW90ZQ%3D%3D (3948ms)
2024-02-18 16:52:55.727 [info] [Info  - 4:52:55 PM] (513) Auto-excluding /home/musbah/projects/Data-Science-Assingment/python-30days-assignment/virtualenv
2024-02-18 16:52:55.727 [info] [Info  - 4:52:55 PM] (513) Auto-excluding /home/musbah/projects/Data-Science-Assingment/venv
2024-02-18 16:52:55.840 [info] [Info  - 4:52:55 PM] (513) Found 127 source files
2024-02-18 16:52:55.875 [info] [Info  - 4:52:55 PM] (513) [BG(1)] Long operation: analyzing: file:///home/musbah/projects/Data-Science-Assingment/python-30days-assignment/python%20crash/numpy100-exercise.ipynb.py#Y401sdnNjb2RlLXJlbW90ZQ%3D%3D (5663ms)
2024-02-18 16:52:55.875 [info] [Info  - 4:52:55 PM] (513) [BG(1)] Long operation: analyzing: file:///home/musbah/projects/Data-Science-Assingment/python-30days-assignment/python%20crash/numpy100-exercise.ipynb.py#pylancePrefixCell (5663ms)
2024-02-18 16:52:56.619 [info] [Info  - 4:52:56 PM] (513) Auto-excluding /home/musbah/projects/Data-Science-Assingment/python-30days-assignment/virtualenv
2024-02-18 16:52:56.620 [info] [Info  - 4:52:56 PM] (513) Auto-excluding /home/musbah/projects/Data-Science-Assingment/venv
2024-02-18 16:52:56.620 [info] [Info  - 4:52:56 PM] (513) Found 127 source files
2024-02-18 16:52:57.038 [info] [Info  - 4:52:57 PM] (513) Auto-excluding /home/musbah/projects/Data-Science-Assingment/python-30days-assignment/virtualenv
2024-02-18 16:52:57.038 [info] [Info  - 4:52:57 PM] (513) Auto-excluding /home/musbah/projects/Data-Science-Assingment/venv
2024-02-18 16:52:57.155 [info] [Info  - 4:52:57 PM] (513) Found 127 source files
2024-02-18 16:52:58.410 [info] [Info  - 4:52:58 PM] (513) Auto-excluding /home/musbah/projects/Data-Science-Assingment/python-30days-assignment/virtualenv
2024-02-18 16:52:58.410 [info] [Info  - 4:52:58 PM] (513) Auto-excluding /home/musbah/projects/Data-Science-Assingment/venv
2024-02-18 16:52:58.509 [info] [Info  - 4:52:58 PM] (513) Found 127 source files
2024-02-18 16:52:59.210 [info] [Info  - 4:52:59 PM] (513) Auto-excluding /home/musbah/projects/Data-Science-Assingment/python-30days-assignment/virtualenv
2024-02-18 16:52:59.210 [info] [Info  - 4:52:59 PM] (513) Auto-excluding /home/musbah/projects/Data-Science-Assingment/venv
2024-02-18 16:52:59.322 [info] [Info  - 4:52:59 PM] (513) Found 127 source files
2024-02-18 16:52:59.389 [info] [Info  - 4:52:59 PM] (513) Auto-excluding /home/musbah/projects/Data-Science-Assingment/python-30days-assignment/virtualenv
2024-02-18 16:52:59.390 [info] [Info  - 4:52:59 PM] (513) Auto-excluding /home/musbah/projects/Data-Science-Assingment/venv
2024-02-18 16:52:59.482 [info] [Info  - 4:52:59 PM] (513) Found 127 source files
2024-02-18 16:52:59.996 [info] [Info  - 4:52:59 PM] (513) Auto-excluding /home/musbah/projects/Data-Science-Assingment/python-30days-assignment/virtualenv
2024-02-18 16:52:59.997 [info] [Info  - 4:52:59 PM] (513) Auto-excluding /home/musbah/projects/Data-Science-Assingment/venv
2024-02-18 16:53:00.105 [info] [Info  - 4:53:00 PM] (513) Found 127 source files
2024-02-18 16:53:07.719 [info] [Info  - 4:53:07 PM] (513) Auto-excluding /home/musbah/projects/Data-Science-Assingment/python-30days-assignment/virtualenv
2024-02-18 16:53:07.719 [info] [Info  - 4:53:07 PM] (513) Auto-excluding /home/musbah/projects/Data-Science-Assingment/venv
2024-02-18 16:53:08.131 [info] [Info  - 4:53:08 PM] (513) Found 127 source files
2024-02-18 16:53:08.136 [info] [Info  - 4:53:08 PM] (513) Indexer background runner(11) root directory: file:///home/musbah/.vscode-server/extensions/ms-python.vscode-pylance-2024.2.2/dist (refresh)
2024-02-18 16:53:08.137 [info] [Info  - 4:53:08 PM] (513) Indexing(11) started
2024-02-18 16:53:08.137 [info] [Info  - 4:53:08 PM] (513) Indexing finished(11).
2024-02-18 16:53:08.534 [info] [Info  - 4:53:08 PM] (513) Auto-excluding /home/musbah/projects/Data-Science-Assingment/python-30days-assignment/virtualenv
2024-02-18 16:53:08.534 [info] [Info  - 4:53:08 PM] (513) Auto-excluding /home/musbah/projects/Data-Science-Assingment/venv
2024-02-18 16:53:08.603 [info] [Info  - 4:53:08 PM] (513) Found 127 source files
2024-02-18 16:53:08.853 [info] [Info  - 4:53:08 PM] (513) Auto-excluding /home/musbah/projects/Data-Science-Assingment/python-30days-assignment/virtualenv
2024-02-18 16:53:08.853 [info] [Info  - 4:53:08 PM] (513) Auto-excluding /home/musbah/projects/Data-Science-Assingment/venv
2024-02-18 16:53:08.932 [info] [Info  - 4:53:08 PM] (513) Found 127 source files
2024-02-18 16:53:09.166 [info] [Info  - 4:53:09 PM] (513) Auto-excluding /home/musbah/projects/Data-Science-Assingment/python-30days-assignment/virtualenv
2024-02-18 16:53:09.166 [info] [Info  - 4:53:09 PM] (513) Auto-excluding /home/musbah/projects/Data-Science-Assingment/venv
2024-02-18 16:53:09.230 [info] [Info  - 4:53:09 PM] (513) Found 127 source files
2024-02-18 16:53:09.792 [info] [Info  - 4:53:09 PM] (513) Auto-excluding /home/musbah/projects/Data-Science-Assingment/python-30days-assignment/virtualenv
2024-02-18 16:53:09.792 [info] [Info  - 4:53:09 PM] (513) Auto-excluding /home/musbah/projects/Data-Science-Assingment/venv
2024-02-18 16:53:09.875 [info] [Info  - 4:53:09 PM] (513) Found 127 source files
2024-02-18 16:53:10.179 [info] [Info  - 4:53:10 PM] (513) Auto-excluding /home/musbah/projects/Data-Science-Assingment/python-30days-assignment/virtualenv
2024-02-18 16:53:10.179 [info] [Info  - 4:53:10 PM] (513) Auto-excluding /home/musbah/projects/Data-Science-Assingment/venv
2024-02-18 16:53:10.308 [info] [Info  - 4:53:10 PM] (513) Found 127 source files
2024-02-18 16:53:15.535 [info] [Info  - 4:53:15 PM] (513) Auto-excluding /home/musbah/projects/Data-Science-Assingment/python-30days-assignment/virtualenv
2024-02-18 16:53:15.536 [info] [Info  - 4:53:15 PM] (513) Auto-excluding /home/musbah/projects/Data-Science-Assingment/venv
2024-02-18 16:53:15.536 [info] [Info  - 4:53:15 PM] (513) Found 127 source files
2024-02-18 16:53:15.536 [info] [Info  - 4:53:15 PM] (513) [BG(1)] Long operation: binding: file:///home/musbah/.vscode-server/extensions/ms-python.vscode-pylance-2024.2.2/dist/typeshed-fallback/stdlib/builtins.pyi (4120ms)
2024-02-18 16:53:15.537 [info] [Info  - 4:53:15 PM] (513) [BG(1)] Long operation: indexing: file:///home/musbah/projects/Data-Science-Assingment/numpy.py (5410ms)
2024-02-18 16:53:17.301 [info] [Info  - 4:53:17 PM] (513) Auto-excluding /home/musbah/projects/Data-Science-Assingment/python-30days-assignment/virtualenv
2024-02-18 16:53:17.302 [info] [Info  - 4:53:17 PM] (513) Auto-excluding /home/musbah/projects/Data-Science-Assingment/venv
2024-02-18 16:53:17.370 [info] [Info  - 4:53:17 PM] (513) Found 127 source files
2024-02-18 16:53:17.790 [info] [Info  - 4:53:17 PM] (513) Auto-excluding /home/musbah/projects/Data-Science-Assingment/python-30days-assignment/virtualenv
2024-02-18 16:53:17.791 [info] [Info  - 4:53:17 PM] (513) Auto-excluding /home/musbah/projects/Data-Science-Assingment/venv
2024-02-18 16:53:17.850 [info] [Info  - 4:53:17 PM] (513) Found 127 source files
2024-02-18 16:53:25.498 [info] [Info  - 4:53:25 PM] (513) [BG(1)] Long operation: checking: file:///home/musbah/.local/lib/python3.9/site-packages/numpy/__init__.py (5434ms)
2024-02-18 16:53:25.498 [info] [Info  - 4:53:25 PM] (513) [BG(1)] Long operation: analyzing: file:///home/musbah/.local/lib/python3.9/site-packages/numpy/__init__.py (5613ms)
2024-02-18 16:53:27.857 [info] [Info  - 4:53:27 PM] (513) Indexer background runner(12) root directory: file:///home/musbah/.vscode-server/extensions/ms-python.vscode-pylance-2024.2.2/dist (refresh)
2024-02-18 16:53:27.857 [info] [Info  - 4:53:27 PM] (513) Indexing(12) started
2024-02-18 16:53:35.361 [info] [Info  - 4:53:34 PM] (513) [BG(1)] Long operation: parsing: file:///home/musbah/projects/Data-Science-Assingment/venv/lib/python3.8/site-packages/numpy/lib/type_check.pyi (3323ms)
2024-02-18 16:53:38.072 [info] [Info  - 4:53:38 PM] (513) [BG(1)] Long operation: checking: file:///home/musbah/.local/lib/python3.9/site-packages/numpy/__init__.py (10388ms)
2024-02-18 16:53:38.072 [info] [Info  - 4:53:38 PM] (513) [BG(1)] Long operation: analyzing: file:///home/musbah/.local/lib/python3.9/site-packages/numpy/__init__.py (10556ms)
2024-02-18 16:53:38.376 [info] [Info  - 4:53:38 PM] (513) [IDX(12)] Long operation: scan packages file:///home/musbah/projects/Data-Science-Assingment (10413ms)
2024-02-18 16:53:38.377 [info] [Info  - 4:53:38 PM] (513) scanned(12) 115 files over 1 exec env
2024-02-18 16:53:50.411 [info] [Info  - 4:53:50 PM] (513) [IDX(12)] Long operation: index execution environment file:///home/musbah/projects/Data-Science-Assingment (2713ms)
2024-02-18 16:53:55.690 [info] [Info  - 4:53:55 PM] (513) [IDX(12)] Long operation: index packages file:///home/musbah/projects/Data-Science-Assingment (8647ms)
2024-02-18 16:53:55.690 [info] [Info  - 4:53:55 PM] (513) indexed(12) 94 files over 1 exec env
2024-02-18 16:53:56.306 [info] [Info  - 4:53:56 PM] (513) Indexing finished(12).
2024-02-18 16:53:57.548 [info] [Info  - 4:53:57 PM] (513) Auto-excluding /home/musbah/projects/Data-Science-Assingment/python-30days-assignment/virtualenv
2024-02-18 16:53:57.555 [info] [Info  - 4:53:57 PM] (513) Auto-excluding /home/musbah/projects/Data-Science-Assingment/venv
2024-02-18 16:53:57.621 [info] [Info  - 4:53:57 PM] (513) Found 127 source files
2024-02-18 16:53:58.616 [info] [Info  - 4:53:58 PM] (513) Auto-excluding /home/musbah/projects/Data-Science-Assingment/python-30days-assignment/virtualenv
2024-02-18 16:53:58.617 [info] [Info  - 4:53:58 PM] (513) Auto-excluding /home/musbah/projects/Data-Science-Assingment/venv
2024-02-18 16:53:58.690 [info] [Info  - 4:53:58 PM] (513) Found 127 source files
2024-02-18 16:53:58.923 [info] [Info  - 4:53:58 PM] (513) Auto-excluding /home/musbah/projects/Data-Science-Assingment/python-30days-assignment/virtualenv
2024-02-18 16:53:58.923 [info] [Info  - 4:53:58 PM] (513) Auto-excluding /home/musbah/projects/Data-Science-Assingment/venv
2024-02-18 16:53:59.001 [info] [Info  - 4:53:59 PM] (513) Found 127 source files
2024-02-18 16:53:59.959 [info] [Info  - 4:53:59 PM] (513) Auto-excluding /home/musbah/projects/Data-Science-Assingment/python-30days-assignment/virtualenv
2024-02-18 16:53:59.959 [info] [Info  - 4:53:59 PM] (513) Auto-excluding /home/musbah/projects/Data-Science-Assingment/venv
2024-02-18 16:54:00.032 [info] [Info  - 4:54:00 PM] (513) Found 127 source files
2024-02-18 16:54:05.762 [info] [Info  - 4:54:05 PM] (513) [BG(1)] Long operation: parsing: file:///home/musbah/.vscode-server/extensions/ms-python.vscode-pylance-2024.2.2/dist/typeshed-fallback/stdlib/builtins.pyi (5143ms)
2024-02-18 16:54:05.823 [info] [Info  - 4:54:05 PM] (513) Auto-excluding /home/musbah/projects/Data-Science-Assingment/python-30days-assignment/virtualenv
2024-02-18 16:54:05.823 [info] [Info  - 4:54:05 PM] (513) Auto-excluding /home/musbah/projects/Data-Science-Assingment/venv
2024-02-18 16:54:05.916 [info] [Info  - 4:54:05 PM] (513) Found 127 source files
2024-02-18 16:54:05.917 [info] [Info  - 4:54:05 PM] (513) [BG(1)] Long operation: analyzing: file:///home/musbah/projects/Data-Science-Assingment/python-30days-assignment/python%20crash/numpy100-exercise.ipynb.py#Y401sdnNjb2RlLXJlbW90ZQ%3D%3D (5559ms)
2024-02-18 16:54:05.917 [info] [Info  - 4:54:05 PM] (513) [BG(1)] Long operation: analyzing: file:///home/musbah/projects/Data-Science-Assingment/python-30days-assignment/python%20crash/numpy100-exercise.ipynb.py#pylancePrefixCell (5559ms)
2024-02-18 16:54:06.367 [info] [Info  - 4:54:06 PM] (513) Auto-excluding /home/musbah/projects/Data-Science-Assingment/python-30days-assignment/virtualenv
2024-02-18 16:54:06.368 [info] [Info  - 4:54:06 PM] (513) Auto-excluding /home/musbah/projects/Data-Science-Assingment/venv
2024-02-18 16:54:06.454 [info] [Info  - 4:54:06 PM] (513) Found 127 source files
2024-02-18 16:54:07.069 [info] [Info  - 4:54:07 PM] (513) Auto-excluding /home/musbah/projects/Data-Science-Assingment/python-30days-assignment/virtualenv
2024-02-18 16:54:07.069 [info] [Info  - 4:54:07 PM] (513) Auto-excluding /home/musbah/projects/Data-Science-Assingment/venv
2024-02-18 16:54:07.139 [info] [Info  - 4:54:07 PM] (513) Found 127 source files
2024-02-18 16:54:07.454 [info] [Info  - 4:54:07 PM] (513) Auto-excluding /home/musbah/projects/Data-Science-Assingment/python-30days-assignment/virtualenv
2024-02-18 16:54:07.455 [info] [Info  - 4:54:07 PM] (513) Auto-excluding /home/musbah/projects/Data-Science-Assingment/venv
2024-02-18 16:54:07.571 [info] [Info  - 4:54:07 PM] (513) Found 127 source files
2024-02-18 16:54:08.172 [info] [Info  - 4:54:08 PM] (513) Auto-excluding /home/musbah/projects/Data-Science-Assingment/python-30days-assignment/virtualenv
2024-02-18 16:54:08.172 [info] [Info  - 4:54:08 PM] (513) Auto-excluding /home/musbah/projects/Data-Science-Assingment/venv
2024-02-18 16:54:08.255 [info] [Info  - 4:54:08 PM] (513) Found 127 source files
2024-02-18 16:54:08.551 [info] [Info  - 4:54:08 PM] (513) Auto-excluding /home/musbah/projects/Data-Science-Assingment/python-30days-assignment/virtualenv
2024-02-18 16:54:08.555 [info] [Info  - 4:54:08 PM] (513) Auto-excluding /home/musbah/projects/Data-Science-Assingment/venv
2024-02-18 16:54:08.639 [info] [Info  - 4:54:08 PM] (513) Found 127 source files
2024-02-18 16:54:15.702 [info] [Info  - 4:54:15 PM] (513) [BG(1)] Long operation: checking: file:///home/musbah/projects/Data-Science-Assingment/python-30days-assignment/python%20crash/numpy100-exercise.ipynb.py#Y216sdnNjb2RlLXJlbW90ZQ%3D%3D (5022ms)
2024-02-18 16:54:15.702 [info] [Info  - 4:54:15 PM] (513) [BG(1)] Long operation: analyzing: file:///home/musbah/projects/Data-Science-Assingment/python-30days-assignment/python%20crash/numpy100-exercise.ipynb.py#Y216sdnNjb2RlLXJlbW90ZQ%3D%3D (5022ms)
2024-02-18 16:54:15.747 [info] [Info  - 4:54:15 PM] (513) [BG(1)] Long operation: analyzing: file:///home/musbah/projects/Data-Science-Assingment/python-30days-assignment/python%20crash/numpy100-exercise.ipynb.py#pylancePrefixCell (6471ms)
2024-02-18 16:54:18.150 [info] [Info  - 4:54:18 PM] (513) Indexer background runner(13) root directory: file:///home/musbah/.vscode-server/extensions/ms-python.vscode-pylance-2024.2.2/dist (refresh)
2024-02-18 16:54:18.150 [info] [Info  - 4:54:18 PM] (513) Indexing(13) started
2024-02-18 16:54:20.244 [info] [Info  - 4:54:20 PM] (513) Auto-excluding /home/musbah/projects/Data-Science-Assingment/python-30days-assignment/virtualenv
2024-02-18 16:54:20.245 [info] [Info  - 4:54:20 PM] (513) Auto-excluding /home/musbah/projects/Data-Science-Assingment/venv
2024-02-18 16:54:20.382 [info] [Info  - 4:54:20 PM] (513) Found 127 source files
2024-02-18 16:54:20.385 [info] [Info  - 4:54:20 PM] (513) [IDX(13)] Long operation: scan packages file:///home/musbah/projects/Data-Science-Assingment (2218ms)
2024-02-18 16:54:20.402 [info] [Info  - 4:54:20 PM] (513) Indexing finished(13).
2024-02-18 16:54:28.525 [info] [Info  - 4:54:28 PM] (513) Indexer background runner(14) root directory: file:///home/musbah/.vscode-server/extensions/ms-python.vscode-pylance-2024.2.2/dist (refresh)
2024-02-18 16:54:28.526 [info] [Info  - 4:54:28 PM] (513) Indexing(14) started
2024-02-18 16:54:28.574 [info] [Info  - 4:54:28 PM] (513) [BG(1)] Long operation: analyzing: file:///home/musbah/projects/Data-Science-Assingment/python-30days-assignment/python%20crash/numpy100-exercise.ipynb.py#pylancePrefixCell (2277ms)
2024-02-18 16:54:30.598 [info] [Info  - 4:54:30 PM] (513) Auto-excluding /home/musbah/projects/Data-Science-Assingment/python-30days-assignment/virtualenv
2024-02-18 16:54:30.598 [info] [Info  - 4:54:30 PM] (513) Auto-excluding /home/musbah/projects/Data-Science-Assingment/venv
2024-02-18 16:54:35.798 [info] [Info  - 4:54:35 PM] (513) Found 127 source files
2024-02-18 16:54:35.799 [info] [Info  - 4:54:35 PM] (513) [IDX(14)] Long operation: scan packages file:///home/musbah/projects/Data-Science-Assingment (2056ms)
2024-02-18 16:54:35.800 [info] [Info  - 4:54:35 PM] (513) Indexing finished(14).
2024-02-18 16:54:38.608 [info] [Info  - 4:54:38 PM] (513) Indexer background runner(15) root directory: file:///home/musbah/.vscode-server/extensions/ms-python.vscode-pylance-2024.2.2/dist (refresh)
2024-02-18 16:54:38.609 [info] [Info  - 4:54:38 PM] (513) Indexing(15) started
2024-02-18 16:54:45.712 [info] [Info  - 4:54:45 PM] (513) [BG(1)] Long operation: binding: file:///home/musbah/projects/Data-Science-Assingment/venv/lib/python3.8/site-packages/numpy/lib/function_base.pyi (3025ms)
2024-02-18 16:54:49.846 [info] [Info  - 4:54:49 PM] (513) [IDX(15)] Long operation: scan packages file:///home/musbah/projects/Data-Science-Assingment (11422ms)
2024-02-18 16:54:49.846 [info] [Info  - 4:54:49 PM] (513) scanned(15) 117 files over 1 exec env
2024-02-18 16:54:49.983 [info] [Info  - 4:54:49 PM] (513) [BG(1)] Long operation: checking: file:///home/musbah/.local/lib/python3.9/site-packages/numpy/__init__.py (11342ms)
2024-02-18 16:54:49.984 [info] [Info  - 4:54:49 PM] (513) [BG(1)] Long operation: analyzing: file:///home/musbah/.local/lib/python3.9/site-packages/numpy/__init__.py (11551ms)
2024-02-18 16:54:59.767 [info] [Info  - 4:54:59 PM] (513) indexed(15) 96 files over 1 exec env
2024-02-18 16:55:00.362 [info] [Info  - 4:55:00 PM] (513) Indexing finished(15).
2024-02-18 16:55:20.684 [info] [Info  - 4:55:20 PM] (513) Auto-excluding /home/musbah/projects/Data-Science-Assingment/python-30days-assignment/virtualenv
2024-02-18 16:55:20.686 [info] [Info  - 4:55:20 PM] (513) Auto-excluding /home/musbah/projects/Data-Science-Assingment/venv
2024-02-18 16:55:25.958 [info] [Info  - 4:55:25 PM] (513) Found 127 source files
2024-02-18 16:55:26.068 [info] [Info  - 4:55:26 PM] (513) Auto-excluding /home/musbah/projects/Data-Science-Assingment/python-30days-assignment/virtualenv
2024-02-18 16:55:26.068 [info] [Info  - 4:55:26 PM] (513) Auto-excluding /home/musbah/projects/Data-Science-Assingment/venv
2024-02-18 16:55:26.186 [info] [Info  - 4:55:26 PM] (513) Found 127 source files
2024-02-18 16:55:26.317 [info] [Info  - 4:55:26 PM] (513) Auto-excluding /home/musbah/projects/Data-Science-Assingment/python-30days-assignment/virtualenv
2024-02-18 16:55:26.318 [info] [Info  - 4:55:26 PM] (513) Auto-excluding /home/musbah/projects/Data-Science-Assingment/venv
2024-02-18 16:55:26.402 [info] [Info  - 4:55:26 PM] (513) Found 127 source files
2024-02-18 16:55:26.917 [info] [Info  - 4:55:26 PM] (513) Auto-excluding /home/musbah/projects/Data-Science-Assingment/python-30days-assignment/virtualenv
2024-02-18 16:55:26.917 [info] [Info  - 4:55:26 PM] (513) Auto-excluding /home/musbah/projects/Data-Science-Assingment/venv
2024-02-18 16:55:27.022 [info] [Info  - 4:55:27 PM] (513) Found 127 source files
2024-02-18 16:55:27.416 [info] [Info  - 4:55:27 PM] (513) Auto-excluding /home/musbah/projects/Data-Science-Assingment/python-30days-assignment/virtualenv
2024-02-18 16:55:27.417 [info] [Info  - 4:55:27 PM] (513) Auto-excluding /home/musbah/projects/Data-Science-Assingment/venv
2024-02-18 16:55:27.491 [info] [Info  - 4:55:27 PM] (513) Found 127 source files
2024-02-18 16:55:27.901 [info] [Info  - 4:55:27 PM] (513) Auto-excluding /home/musbah/projects/Data-Science-Assingment/python-30days-assignment/virtualenv
2024-02-18 16:55:27.902 [info] [Info  - 4:55:27 PM] (513) Auto-excluding /home/musbah/projects/Data-Science-Assingment/venv
2024-02-18 16:55:28.072 [info] [Info  - 4:55:28 PM] (513) Found 127 source files
2024-02-18 16:55:28.847 [info] [Info  - 4:55:28 PM] (513) Auto-excluding /home/musbah/projects/Data-Science-Assingment/python-30days-assignment/virtualenv
2024-02-18 16:55:28.849 [info] [Info  - 4:55:28 PM] (513) Auto-excluding /home/musbah/projects/Data-Science-Assingment/venv
2024-02-18 16:55:28.922 [info] [Info  - 4:55:28 PM] (513) Found 127 source files
2024-02-18 16:55:36.055 [info] [Info  - 4:55:36 PM] (513) [BG(1)] Long operation: checking: file:///home/musbah/projects/Data-Science-Assingment/python-30days-assignment/python%20crash/numpy100-exercise.ipynb.py#Y311sdnNjb2RlLXJlbW90ZQ%3D%3D (2955ms)
2024-02-18 16:55:36.055 [info] [Info  - 4:55:36 PM] (513) [BG(1)] Long operation: analyzing: file:///home/musbah/projects/Data-Science-Assingment/python-30days-assignment/python%20crash/numpy100-exercise.ipynb.py#Y311sdnNjb2RlLXJlbW90ZQ%3D%3D (2959ms)
2024-02-18 16:55:36.056 [info] [Info  - 4:55:36 PM] (513) [BG(1)] Long operation: analyzing: file:///home/musbah/projects/Data-Science-Assingment/python-30days-assignment/python%20crash/numpy100-exercise.ipynb.py#pylancePrefixCell (6167ms)
2024-02-18 16:55:38.937 [info] [Info  - 4:55:38 PM] (513) Indexer background runner(16) root directory: file:///home/musbah/.vscode-server/extensions/ms-python.vscode-pylance-2024.2.2/dist (refresh)
2024-02-18 16:55:38.937 [info] [Info  - 4:55:38 PM] (513) Indexing(16) started
2024-02-18 16:55:45.999 [info] [Info  - 4:55:45 PM] (513) [BG(1)] Long operation: checking: file:///home/musbah/projects/Data-Science-Assingment/python-30days-assignment/python%20crash/numpy100-exercise.ipynb.py#Y133sdnNjb2RlLXJlbW90ZQ%3D%3D (5096ms)
2024-02-18 16:55:45.999 [info] [Info  - 4:55:45 PM] (513) [BG(1)] Long operation: analyzing: file:///home/musbah/projects/Data-Science-Assingment/python-30days-assignment/python%20crash/numpy100-exercise.ipynb.py#Y133sdnNjb2RlLXJlbW90ZQ%3D%3D (5097ms)
2024-02-18 16:55:46.600 [info] [Info  - 4:55:46 PM] (513) [BG(1)] Long operation: analyzing: file:///home/musbah/projects/Data-Science-Assingment/python-30days-assignment/python%20crash/numpy100-exercise.ipynb.py#pylancePrefixCell (10692ms)
2024-02-18 16:55:48.182 [info] [Info  - 4:55:48 PM] (513) [IDX(16)] Long operation: scan packages file:///home/musbah/projects/Data-Science-Assingment (9123ms)
2024-02-18 16:55:48.218 [info] [Info  - 4:55:48 PM] (513) Indexing finished(16).
2024-02-18 16:55:55.975 [info] [Info  - 4:55:55 PM] (513) [BG(1)] Long operation: checking: file:///home/musbah/.local/lib/python3.9/site-packages/numpy/__init__.py (7330ms)
2024-02-18 16:55:55.975 [info] [Info  - 4:55:55 PM] (513) [BG(1)] Long operation: analyzing: file:///home/musbah/.local/lib/python3.9/site-packages/numpy/__init__.py (7630ms)
2024-02-18 16:55:56.062 [info] [Info  - 4:55:56 PM] (513) Auto-excluding /home/musbah/projects/Data-Science-Assingment/python-30days-assignment/virtualenv
2024-02-18 16:55:56.068 [info] [Info  - 4:55:56 PM] (513) Auto-excluding /home/musbah/projects/Data-Science-Assingment/venv
2024-02-18 16:55:56.174 [info] [Info  - 4:55:56 PM] (513) Found 127 source files
2024-02-18 16:55:56.357 [info] [Info  - 4:55:56 PM] (513) Auto-excluding /home/musbah/projects/Data-Science-Assingment/python-30days-assignment/virtualenv
2024-02-18 16:55:56.357 [info] [Info  - 4:55:56 PM] (513) Auto-excluding /home/musbah/projects/Data-Science-Assingment/venv
2024-02-18 16:55:56.435 [info] [Info  - 4:55:56 PM] (513) Found 127 source files
2024-02-18 16:55:56.956 [info] [Info  - 4:55:56 PM] (513) Auto-excluding /home/musbah/projects/Data-Science-Assingment/python-30days-assignment/virtualenv
2024-02-18 16:55:56.956 [info] [Info  - 4:55:56 PM] (513) Auto-excluding /home/musbah/projects/Data-Science-Assingment/venv
2024-02-18 16:55:57.104 [info] [Info  - 4:55:57 PM] (513) Found 127 source files
2024-02-18 16:55:57.690 [info] [Info  - 4:55:57 PM] (513) Auto-excluding /home/musbah/projects/Data-Science-Assingment/python-30days-assignment/virtualenv
2024-02-18 16:55:57.690 [info] [Info  - 4:55:57 PM] (513) Auto-excluding /home/musbah/projects/Data-Science-Assingment/venv
2024-02-18 16:55:57.775 [info] [Info  - 4:55:57 PM] (513) Found 127 source files
2024-02-18 16:55:58.207 [info] [Info  - 4:55:58 PM] (513) Auto-excluding /home/musbah/projects/Data-Science-Assingment/python-30days-assignment/virtualenv
2024-02-18 16:55:58.207 [info] [Info  - 4:55:58 PM] (513) Auto-excluding /home/musbah/projects/Data-Science-Assingment/venv
2024-02-18 16:55:58.284 [info] [Info  - 4:55:58 PM] (513) Found 127 source files
2024-02-18 16:55:58.902 [info] [Info  - 4:55:58 PM] (513) Auto-excluding /home/musbah/projects/Data-Science-Assingment/python-30days-assignment/virtualenv
2024-02-18 16:55:58.902 [info] [Info  - 4:55:58 PM] (513) Auto-excluding /home/musbah/projects/Data-Science-Assingment/venv
2024-02-18 16:55:58.964 [info] [Info  - 4:55:58 PM] (513) Found 127 source files
2024-02-18 16:55:59.597 [info] [Info  - 4:55:59 PM] (513) Auto-excluding /home/musbah/projects/Data-Science-Assingment/python-30days-assignment/virtualenv
2024-02-18 16:55:59.597 [info] [Info  - 4:55:59 PM] (513) Auto-excluding /home/musbah/projects/Data-Science-Assingment/venv
2024-02-18 16:55:59.671 [info] [Info  - 4:55:59 PM] (513) Found 127 source files
2024-02-18 16:56:00.013 [info] [Info  - 4:56:00 PM] (513) Auto-excluding /home/musbah/projects/Data-Science-Assingment/python-30days-assignment/virtualenv
2024-02-18 16:56:00.014 [info] [Info  - 4:56:00 PM] (513) Auto-excluding /home/musbah/projects/Data-Science-Assingment/venv
2024-02-18 16:56:00.159 [info] [Info  - 4:56:00 PM] (513) Found 127 source files
2024-02-18 16:56:00.870 [info] [Info  - 4:56:00 PM] (513) Auto-excluding /home/musbah/projects/Data-Science-Assingment/python-30days-assignment/virtualenv
2024-02-18 16:56:00.871 [info] [Info  - 4:56:00 PM] (513) Auto-excluding /home/musbah/projects/Data-Science-Assingment/venv
2024-02-18 16:56:03.882 [info] [Info  - 4:56:03 PM] (513) Found 127 source files
2024-02-18 16:56:06.035 [info] [Info  - 4:56:06 PM] (513) [BG(1)] Long operation: binding: file:///home/musbah/.vscode-server/extensions/ms-python.vscode-pylance-2024.2.2/dist/typeshed-fallback/stdlib/builtins.pyi (4081ms)
2024-02-18 16:56:06.036 [info] [Info  - 4:56:06 PM] (513) [BG(1)] Long operation: indexing: file:///home/musbah/projects/Data-Science-Assingment/numpy.py (4551ms)
2024-02-18 16:56:06.315 [info] [Info  - 4:56:06 PM] (513) Auto-excluding /home/musbah/projects/Data-Science-Assingment/python-30days-assignment/virtualenv
2024-02-18 16:56:06.315 [info] [Info  - 4:56:06 PM] (513) Auto-excluding /home/musbah/projects/Data-Science-Assingment/venv
2024-02-18 16:56:06.389 [info] [Info  - 4:56:06 PM] (513) Found 127 source files
2024-02-18 16:56:06.482 [info] [Info  - 4:56:06 PM] (513) Auto-excluding /home/musbah/projects/Data-Science-Assingment/python-30days-assignment/virtualenv
2024-02-18 16:56:06.482 [info] [Info  - 4:56:06 PM] (513) Auto-excluding /home/musbah/projects/Data-Science-Assingment/venv
2024-02-18 16:56:06.559 [info] [Info  - 4:56:06 PM] (513) Found 127 source files
2024-02-18 16:56:07.458 [info] [Info  - 4:56:07 PM] (513) Auto-excluding /home/musbah/projects/Data-Science-Assingment/python-30days-assignment/virtualenv
2024-02-18 16:56:07.458 [info] [Info  - 4:56:07 PM] (513) Auto-excluding /home/musbah/projects/Data-Science-Assingment/venv
2024-02-18 16:56:07.546 [info] [Info  - 4:56:07 PM] (513) Found 127 source files
2024-02-18 16:56:07.883 [info] [Info  - 4:56:07 PM] (513) Auto-excluding /home/musbah/projects/Data-Science-Assingment/python-30days-assignment/virtualenv
2024-02-18 16:56:07.891 [info] [Info  - 4:56:07 PM] (513) Auto-excluding /home/musbah/projects/Data-Science-Assingment/venv
2024-02-18 16:56:07.958 [info] [Info  - 4:56:07 PM] (513) Found 127 source files
2024-02-18 16:56:08.651 [info] [Info  - 4:56:08 PM] (513) Auto-excluding /home/musbah/projects/Data-Science-Assingment/python-30days-assignment/virtualenv
2024-02-18 16:56:08.651 [info] [Info  - 4:56:08 PM] (513) Auto-excluding /home/musbah/projects/Data-Science-Assingment/venv
2024-02-18 16:56:08.746 [info] [Info  - 4:56:08 PM] (513) Found 127 source files
2024-02-18 16:56:09.046 [info] [Info  - 4:56:09 PM] (513) Auto-excluding /home/musbah/projects/Data-Science-Assingment/python-30days-assignment/virtualenv
2024-02-18 16:56:09.047 [info] [Info  - 4:56:09 PM] (513) Auto-excluding /home/musbah/projects/Data-Science-Assingment/venv
2024-02-18 16:56:09.119 [info] [Info  - 4:56:09 PM] (513) Found 127 source files
2024-02-18 16:56:09.483 [info] [Info  - 4:56:09 PM] (513) Auto-excluding /home/musbah/projects/Data-Science-Assingment/python-30days-assignment/virtualenv
2024-02-18 16:56:09.485 [info] [Info  - 4:56:09 PM] (513) Auto-excluding /home/musbah/projects/Data-Science-Assingment/venv
2024-02-18 16:56:09.569 [info] [Info  - 4:56:09 PM] (513) Found 127 source files
2024-02-18 16:56:09.930 [info] [Info  - 4:56:09 PM] (513) Auto-excluding /home/musbah/projects/Data-Science-Assingment/python-30days-assignment/virtualenv
2024-02-18 16:56:09.930 [info] [Info  - 4:56:09 PM] (513) Auto-excluding /home/musbah/projects/Data-Science-Assingment/venv
2024-02-18 16:56:10.012 [info] [Info  - 4:56:10 PM] (513) Found 127 source files
2024-02-18 16:56:16.257 [info] [Info  - 4:56:16 PM] (513) Auto-excluding /home/musbah/projects/Data-Science-Assingment/python-30days-assignment/virtualenv
2024-02-18 16:56:16.258 [info] [Info  - 4:56:16 PM] (513) Auto-excluding /home/musbah/projects/Data-Science-Assingment/venv
2024-02-18 16:56:16.349 [info] [Info  - 4:56:16 PM] (513) Found 127 source files
2024-02-18 16:56:17.117 [info] [Info  - 4:56:17 PM] (513) Auto-excluding /home/musbah/projects/Data-Science-Assingment/python-30days-assignment/virtualenv
2024-02-18 16:56:17.119 [info] [Info  - 4:56:17 PM] (513) Auto-excluding /home/musbah/projects/Data-Science-Assingment/venv
2024-02-18 16:56:17.218 [info] [Info  - 4:56:17 PM] (513) Found 127 source files
2024-02-18 16:56:17.696 [info] [Info  - 4:56:17 PM] (513) Auto-excluding /home/musbah/projects/Data-Science-Assingment/python-30days-assignment/virtualenv
2024-02-18 16:56:17.712 [info] [Info  - 4:56:17 PM] (513) Auto-excluding /home/musbah/projects/Data-Science-Assingment/venv
2024-02-18 16:56:17.788 [info] [Info  - 4:56:17 PM] (513) Found 127 source files
2024-02-18 16:56:18.291 [info] [Info  - 4:56:18 PM] (513) Auto-excluding /home/musbah/projects/Data-Science-Assingment/python-30days-assignment/virtualenv
2024-02-18 16:56:18.291 [info] [Info  - 4:56:18 PM] (513) Auto-excluding /home/musbah/projects/Data-Science-Assingment/venv
2024-02-18 16:56:18.590 [info] [Info  - 4:56:18 PM] (513) Found 127 source files
2024-02-18 16:56:19.089 [info] [Info  - 4:56:19 PM] (513) Auto-excluding /home/musbah/projects/Data-Science-Assingment/python-30days-assignment/virtualenv
2024-02-18 16:56:19.090 [info] [Info  - 4:56:19 PM] (513) Auto-excluding /home/musbah/projects/Data-Science-Assingment/venv
2024-02-18 16:56:19.182 [info] [Info  - 4:56:19 PM] (513) Found 127 source files
2024-02-18 16:56:19.732 [info] [Info  - 4:56:19 PM] (513) Auto-excluding /home/musbah/projects/Data-Science-Assingment/python-30days-assignment/virtualenv
2024-02-18 16:56:19.732 [info] [Info  - 4:56:19 PM] (513) Auto-excluding /home/musbah/projects/Data-Science-Assingment/venv
2024-02-18 16:56:19.812 [info] [Info  - 4:56:19 PM] (513) Found 127 source files
2024-02-18 16:56:20.063 [info] [Info  - 4:56:20 PM] (513) Auto-excluding /home/musbah/projects/Data-Science-Assingment/python-30days-assignment/virtualenv
2024-02-18 16:56:20.063 [info] [Info  - 4:56:20 PM] (513) Auto-excluding /home/musbah/projects/Data-Science-Assingment/venv
2024-02-18 16:56:20.146 [info] [Info  - 4:56:20 PM] (513) Found 127 source files
2024-02-18 16:56:20.824 [info] [Info  - 4:56:20 PM] (513) Auto-excluding /home/musbah/projects/Data-Science-Assingment/python-30days-assignment/virtualenv
2024-02-18 16:56:20.824 [info] [Info  - 4:56:20 PM] (513) Auto-excluding /home/musbah/projects/Data-Science-Assingment/venv
2024-02-18 16:56:20.925 [info] [Info  - 4:56:20 PM] (513) Found 127 source files
2024-02-18 16:56:26.411 [info] [Info  - 4:56:26 PM] (513) Auto-excluding /home/musbah/projects/Data-Science-Assingment/python-30days-assignment/virtualenv
2024-02-18 16:56:28.470 [info] [Info  - 4:56:28 PM] (513) Auto-excluding /home/musbah/projects/Data-Science-Assingment/venv
2024-02-18 16:56:28.471 [info] [Info  - 4:56:28 PM] (513) Found 127 source files
2024-02-18 16:56:28.617 [info] [Info  - 4:56:28 PM] (513) Auto-excluding /home/musbah/projects/Data-Science-Assingment/python-30days-assignment/virtualenv
2024-02-18 16:56:28.617 [info] [Info  - 4:56:28 PM] (513) Auto-excluding /home/musbah/projects/Data-Science-Assingment/venv
2024-02-18 16:56:28.706 [info] [Info  - 4:56:28 PM] (513) Found 127 source files
2024-02-18 16:56:29.151 [info] [Info  - 4:56:29 PM] (513) Auto-excluding /home/musbah/projects/Data-Science-Assingment/python-30days-assignment/virtualenv
2024-02-18 16:56:29.151 [info] [Info  - 4:56:29 PM] (513) Auto-excluding /home/musbah/projects/Data-Science-Assingment/venv
2024-02-18 16:56:29.283 [info] [Info  - 4:56:29 PM] (513) Found 127 source files
2024-02-18 16:56:30.154 [info] [Info  - 4:56:30 PM] (513) Auto-excluding /home/musbah/projects/Data-Science-Assingment/python-30days-assignment/virtualenv
2024-02-18 16:56:30.154 [info] [Info  - 4:56:30 PM] (513) Auto-excluding /home/musbah/projects/Data-Science-Assingment/venv
2024-02-18 16:56:30.232 [info] [Info  - 4:56:30 PM] (513) Found 127 source files
2024-02-18 16:56:30.878 [info] [Info  - 4:56:30 PM] (513) Auto-excluding /home/musbah/projects/Data-Science-Assingment/python-30days-assignment/virtualenv
2024-02-18 16:56:30.878 [info] [Info  - 4:56:30 PM] (513) Auto-excluding /home/musbah/projects/Data-Science-Assingment/venv
2024-02-18 16:56:30.941 [info] [Info  - 4:56:30 PM] (513) Found 127 source files
2024-02-18 16:56:36.196 [info] [Info  - 4:56:36 PM] (513) [BG(1)] Long operation: parsing: file:///home/musbah/projects/Data-Science-Assingment/numpy.py (3678ms)
2024-02-18 16:56:36.410 [info] [Info  - 4:56:36 PM] (513) [BG(1)] Long operation: indexing: file:///home/musbah/projects/Data-Science-Assingment/numpy.py (3898ms)
2024-02-18 16:56:38.591 [info] [Info  - 4:56:38 PM] (513) Indexer background runner(17) root directory: file:///home/musbah/.vscode-server/extensions/ms-python.vscode-pylance-2024.2.2/dist (refresh)
2024-02-18 16:56:38.592 [info] [Info  - 4:56:38 PM] (513) Indexing(17) started
2024-02-18 16:56:46.106 [info] [Info  - 4:56:46 PM] (513) [BG(1)] Long operation: checking: file:///home/musbah/projects/Data-Science-Assingment/python-30days-assignment/python%20crash/numpy100-exercise.ipynb.py#Y205sdnNjb2RlLXJlbW90ZQ%3D%3D (2405ms)
2024-02-18 16:56:46.106 [info] [Info  - 4:56:46 PM] (513) [BG(1)] Long operation: analyzing: file:///home/musbah/projects/Data-Science-Assingment/python-30days-assignment/python%20crash/numpy100-exercise.ipynb.py#Y205sdnNjb2RlLXJlbW90ZQ%3D%3D (2418ms)
2024-02-18 16:56:46.107 [info] [Info  - 4:56:46 PM] (513) [BG(1)] Long operation: checking: file:///home/musbah/projects/Data-Science-Assingment/python-30days-assignment/python%20crash/numpy100-exercise.ipynb.py#Y203sdnNjb2RlLXJlbW90ZQ%3D%3D (2097ms)
2024-02-18 16:56:46.107 [info] [Info  - 4:56:46 PM] (513) [BG(1)] Long operation: analyzing: file:///home/musbah/projects/Data-Science-Assingment/python-30days-assignment/python%20crash/numpy100-exercise.ipynb.py#Y203sdnNjb2RlLXJlbW90ZQ%3D%3D (2139ms)
2024-02-18 16:56:46.945 [info] [Info  - 4:56:46 PM] (513) [BG(1)] Long operation: analyzing: file:///home/musbah/projects/Data-Science-Assingment/python-30days-assignment/python%20crash/numpy100-exercise.ipynb.py#pylancePrefixCell (9614ms)
2024-02-18 16:56:50.542 [info] [Info  - 4:56:50 PM] (513) [IDX(17)] Long operation: scan packages file:///home/musbah/projects/Data-Science-Assingment (11773ms)
2024-02-18 16:56:50.542 [info] [Info  - 4:56:50 PM] (513) scanned(17) 118 files over 1 exec env
2024-02-18 16:56:56.656 [info] [Info  - 4:56:56 PM] (513) [BG(1)] Long operation: checking: file:///home/musbah/.local/lib/python3.9/site-packages/numpy/__init__.py (9302ms)
2024-02-18 16:56:56.656 [info] [Info  - 4:56:56 PM] (513) [BG(1)] Long operation: analyzing: file:///home/musbah/.local/lib/python3.9/site-packages/numpy/__init__.py (9493ms)
2024-02-18 16:56:59.672 [info] [Info  - 4:56:59 PM] (513) indexed(17) 96 files over 1 exec env
2024-02-18 16:57:00.237 [info] [Info  - 4:57:00 PM] (513) Indexing finished(17).
2024-02-18 16:57:08.402 [info] [Info  - 4:57:08 PM] (513) Auto-excluding /home/musbah/projects/Data-Science-Assingment/python-30days-assignment/virtualenv
2024-02-18 16:57:08.403 [info] [Info  - 4:57:08 PM] (513) Auto-excluding /home/musbah/projects/Data-Science-Assingment/venv
2024-02-18 16:57:08.500 [info] [Info  - 4:57:08 PM] (513) Found 127 source files
2024-02-18 16:57:08.761 [info] [Info  - 4:57:08 PM] (513) Auto-excluding /home/musbah/projects/Data-Science-Assingment/python-30days-assignment/virtualenv
2024-02-18 16:57:08.762 [info] [Info  - 4:57:08 PM] (513) Auto-excluding /home/musbah/projects/Data-Science-Assingment/venv
2024-02-18 16:57:08.849 [info] [Info  - 4:57:08 PM] (513) Found 127 source files
2024-02-18 16:57:09.332 [info] [Info  - 4:57:09 PM] (513) Auto-excluding /home/musbah/projects/Data-Science-Assingment/python-30days-assignment/virtualenv
2024-02-18 16:57:09.332 [info] [Info  - 4:57:09 PM] (513) Auto-excluding /home/musbah/projects/Data-Science-Assingment/venv
2024-02-18 16:57:09.417 [info] [Info  - 4:57:09 PM] (513) Found 127 source files
2024-02-18 16:57:09.678 [info] [Info  - 4:57:09 PM] (513) Auto-excluding /home/musbah/projects/Data-Science-Assingment/python-30days-assignment/virtualenv
2024-02-18 16:57:09.679 [info] [Info  - 4:57:09 PM] (513) Auto-excluding /home/musbah/projects/Data-Science-Assingment/venv
2024-02-18 16:57:09.758 [info] [Info  - 4:57:09 PM] (513) Found 127 source files
2024-02-18 16:57:10.133 [info] [Info  - 4:57:10 PM] (513) Auto-excluding /home/musbah/projects/Data-Science-Assingment/python-30days-assignment/virtualenv
2024-02-18 16:57:10.133 [info] [Info  - 4:57:10 PM] (513) Auto-excluding /home/musbah/projects/Data-Science-Assingment/venv
2024-02-18 16:57:10.219 [info] [Info  - 4:57:10 PM] (513) Found 127 source files
2024-02-18 16:57:16.856 [info] [Info  - 4:57:16 PM] (513) Auto-excluding /home/musbah/projects/Data-Science-Assingment/python-30days-assignment/virtualenv
2024-02-18 16:57:16.857 [info] [Info  - 4:57:16 PM] (513) Auto-excluding /home/musbah/projects/Data-Science-Assingment/venv
2024-02-18 16:57:16.934 [info] [Info  - 4:57:16 PM] (513) Found 127 source files
2024-02-18 16:57:17.368 [info] [Info  - 4:57:17 PM] (513) [BG(1)] Long operation: analyzing: file:///home/musbah/projects/Data-Science-Assingment/python-30days-assignment/python%20crash/numpy100-exercise.ipynb.py#Y401sdnNjb2RlLXJlbW90ZQ%3D%3D (6447ms)
2024-02-18 16:57:17.368 [info] [Info  - 4:57:17 PM] (513) [BG(1)] Long operation: analyzing: file:///home/musbah/projects/Data-Science-Assingment/python-30days-assignment/python%20crash/numpy100-exercise.ipynb.py#pylancePrefixCell (6448ms)
2024-02-18 16:57:17.886 [info] [Info  - 4:57:17 PM] (513) Auto-excluding /home/musbah/projects/Data-Science-Assingment/python-30days-assignment/virtualenv
2024-02-18 16:57:17.887 [info] [Info  - 4:57:17 PM] (513) Auto-excluding /home/musbah/projects/Data-Science-Assingment/venv
2024-02-18 16:57:17.972 [info] [Info  - 4:57:17 PM] (513) Found 127 source files
2024-02-18 16:57:18.535 [info] [Info  - 4:57:18 PM] (513) Auto-excluding /home/musbah/projects/Data-Science-Assingment/python-30days-assignment/virtualenv
2024-02-18 16:57:18.535 [info] [Info  - 4:57:18 PM] (513) Auto-excluding /home/musbah/projects/Data-Science-Assingment/venv
2024-02-18 16:57:18.610 [info] [Info  - 4:57:18 PM] (513) Found 127 source files
2024-02-18 16:57:19.716 [info] [Info  - 4:57:19 PM] (513) Auto-excluding /home/musbah/projects/Data-Science-Assingment/python-30days-assignment/virtualenv
2024-02-18 16:57:19.717 [info] [Info  - 4:57:19 PM] (513) Auto-excluding /home/musbah/projects/Data-Science-Assingment/venv
2024-02-18 16:57:19.790 [info] [Info  - 4:57:19 PM] (513) Found 127 source files
2024-02-18 16:57:20.881 [info] [Info  - 4:57:20 PM] (513) Auto-excluding /home/musbah/projects/Data-Science-Assingment/python-30days-assignment/virtualenv
2024-02-18 16:57:20.881 [info] [Info  - 4:57:20 PM] (513) Auto-excluding /home/musbah/projects/Data-Science-Assingment/venv
2024-02-18 16:57:20.960 [info] [Info  - 4:57:20 PM] (513) Found 127 source files
2024-02-18 16:57:26.841 [info] [Info  - 4:57:26 PM] (513) [BG(1)] Long operation: parsing: file:///home/musbah/projects/Data-Science-Assingment/python-30days-assignment/python%20crash/numpy100-exercise.ipynb.py#Y401sdnNjb2RlLXJlbW90ZQ%3D%3D (4794ms)
2024-02-18 16:57:27.403 [info] [Info  - 4:57:27 PM] (513) [BG(1)] Long operation: analyzing: file:///home/musbah/projects/Data-Science-Assingment/python-30days-assignment/python%20crash/numpy100-exercise.ipynb.py#Y401sdnNjb2RlLXJlbW90ZQ%3D%3D (5809ms)
2024-02-18 16:57:27.403 [info] [Info  - 4:57:27 PM] (513) [BG(1)] Long operation: analyzing: file:///home/musbah/projects/Data-Science-Assingment/python-30days-assignment/python%20crash/numpy100-exercise.ipynb.py#pylancePrefixCell (5809ms)
2024-02-18 16:57:29.302 [info] [Info  - 4:57:29 PM] (513) Indexer background runner(18) root directory: file:///home/musbah/.vscode-server/extensions/ms-python.vscode-pylance-2024.2.2/dist (refresh)
2024-02-18 16:57:29.303 [info] [Info  - 4:57:29 PM] (513) Indexing(18) started
2024-02-18 16:57:29.985 [info] [Info  - 4:57:29 PM] (513) [BG(1)] Long operation: analyzing: file:///home/musbah/projects/Data-Science-Assingment/python-30days-assignment/python%20crash/numpy100-exercise.ipynb.py#pylancePrefixCell (2521ms)
2024-02-18 16:57:35.483 [info] [Info  - 4:57:35 PM] (513) [BG(1)] Long operation: binding: file:///home/musbah/.local/lib/python3.9/site-packages/numpy/__init__.py (2346ms)
2024-02-18 16:57:35.487 [info] [Info  - 4:57:35 PM] (513) [BG(1)] Long operation: analyzing: file:///home/musbah/.local/lib/python3.9/site-packages/numpy/__init__.py (3820ms)
2024-02-18 16:57:36.811 [info] [Info  - 4:57:36 PM] (513) Auto-excluding /home/musbah/projects/Data-Science-Assingment/python-30days-assignment/virtualenv
2024-02-18 16:57:36.811 [info] [Info  - 4:57:36 PM] (513) Auto-excluding /home/musbah/projects/Data-Science-Assingment/venv
2024-02-18 16:57:36.909 [info] [Info  - 4:57:36 PM] (513) Found 127 source files
2024-02-18 16:57:36.909 [info] [Info  - 4:57:36 PM] (513) [IDX(18)] Long operation: scan packages file:///home/musbah/projects/Data-Science-Assingment (7471ms)
2024-02-18 16:57:36.936 [info] [Info  - 4:57:36 PM] (513) Indexing finished(18).
2024-02-18 16:57:38.163 [info] [Info  - 4:57:38 PM] (513) Auto-excluding /home/musbah/projects/Data-Science-Assingment/python-30days-assignment/virtualenv
2024-02-18 16:57:38.164 [info] [Info  - 4:57:38 PM] (513) Auto-excluding /home/musbah/projects/Data-Science-Assingment/venv
2024-02-18 16:57:38.262 [info] [Info  - 4:57:38 PM] (513) Found 127 source files
2024-02-18 16:57:38.624 [info] [Info  - 4:57:38 PM] (513) Auto-excluding /home/musbah/projects/Data-Science-Assingment/python-30days-assignment/virtualenv
2024-02-18 16:57:38.624 [info] [Info  - 4:57:38 PM] (513) Auto-excluding /home/musbah/projects/Data-Science-Assingment/venv
2024-02-18 16:57:38.735 [info] [Info  - 4:57:38 PM] (513) Found 127 source files
2024-02-18 16:57:40.722 [info] [Info  - 4:57:40 PM] (513) Auto-excluding /home/musbah/projects/Data-Science-Assingment/python-30days-assignment/virtualenv
2024-02-18 16:57:40.722 [info] [Info  - 4:57:40 PM] (513) Auto-excluding /home/musbah/projects/Data-Science-Assingment/venv
2024-02-18 16:57:40.895 [info] [Info  - 4:57:40 PM] (513) Found 127 source files
2024-02-18 16:57:41.071 [info] [Info  - 4:57:41 PM] (513) Auto-excluding /home/musbah/projects/Data-Science-Assingment/python-30days-assignment/virtualenv
2024-02-18 16:57:41.080 [info] [Info  - 4:57:41 PM] (513) Auto-excluding /home/musbah/projects/Data-Science-Assingment/venv
2024-02-18 16:57:41.160 [info] [Info  - 4:57:41 PM] (513) Found 127 source files
2024-02-18 16:57:41.371 [info] [Info  - 4:57:41 PM] (513) Auto-excluding /home/musbah/projects/Data-Science-Assingment/python-30days-assignment/virtualenv
2024-02-18 16:57:41.372 [info] [Info  - 4:57:41 PM] (513) Auto-excluding /home/musbah/projects/Data-Science-Assingment/venv
2024-02-18 16:57:41.470 [info] [Info  - 4:57:41 PM] (513) Found 127 source files
2024-02-18 16:57:46.896 [info] [Info  - 4:57:46 PM] (513) [BG(1)] Long operation: parsing: file:///home/musbah/.vscode-server/extensions/ms-python.vscode-pylance-2024.2.2/dist/typeshed-fallback/stdlib/builtins.pyi (5110ms)
2024-02-18 16:57:46.907 [info] [Info  - 4:57:46 PM] (513) [BG(1)] Long operation: indexing: file:///home/musbah/projects/Data-Science-Assingment/numpy.py (5320ms)
2024-02-18 16:57:47.867 [info] [Info  - 4:57:47 PM] (513) Auto-excluding /home/musbah/projects/Data-Science-Assingment/python-30days-assignment/virtualenv
2024-02-18 16:57:47.868 [info] [Info  - 4:57:47 PM] (513) Auto-excluding /home/musbah/projects/Data-Science-Assingment/venv
2024-02-18 16:57:48.048 [info] [Info  - 4:57:48 PM] (513) Found 127 source files
2024-02-18 16:57:48.214 [info] [Info  - 4:57:48 PM] (513) Auto-excluding /home/musbah/projects/Data-Science-Assingment/python-30days-assignment/virtualenv
2024-02-18 16:57:48.214 [info] [Info  - 4:57:48 PM] (513) Auto-excluding /home/musbah/projects/Data-Science-Assingment/venv
2024-02-18 16:57:48.381 [info] [Info  - 4:57:48 PM] (513) Found 127 source files
2024-02-18 16:57:49.349 [info] [Info  - 4:57:49 PM] (513) Indexer background runner(19) root directory: file:///home/musbah/.vscode-server/extensions/ms-python.vscode-pylance-2024.2.2/dist (refresh)
2024-02-18 16:57:49.350 [info] [Info  - 4:57:49 PM] (513) Indexing(19) started
2024-02-18 16:57:49.417 [info] [Info  - 4:57:49 PM] (513) Indexing finished(19).
2024-02-18 16:57:51.195 [info] [Info  - 4:57:51 PM] (513) [BG(1)] Long operation: analyzing: file:///home/musbah/projects/Data-Science-Assingment/python-30days-assignment/python%20crash/numpy100-exercise.ipynb.py#pylancePrefixCell (2304ms)
2024-02-18 16:57:56.819 [info] [Info  - 4:57:56 PM] (513) [BG(1)] Long operation: checking: file:///home/musbah/.local/lib/python3.9/site-packages/numpy/__init__.py (5370ms)
2024-02-18 16:57:56.820 [info] [Info  - 4:57:56 PM] (513) [BG(1)] Long operation: analyzing: file:///home/musbah/.local/lib/python3.9/site-packages/numpy/__init__.py (5538ms)
2024-02-18 16:57:59.479 [info] [Info  - 4:57:59 PM] (513) [BG(1)] Long operation: analyzing: file:///home/musbah/projects/Data-Science-Assingment/python-30days-assignment/python%20crash/numpy100-exercise.ipynb.py#pylancePrefixCell (2615ms)
2024-02-18 16:57:59.739 [info] [Info  - 4:57:59 PM] (513) Indexer background runner(20) root directory: file:///home/musbah/.vscode-server/extensions/ms-python.vscode-pylance-2024.2.2/dist (refresh)
2024-02-18 16:57:59.739 [info] [Info  - 4:57:59 PM] (513) Indexing(20) started
2024-02-18 16:58:11.430 [info] [Info  - 4:58:11 PM] (513) [IDX(20)] Long operation: scan packages file:///home/musbah/projects/Data-Science-Assingment (11458ms)
2024-02-18 16:58:11.431 [info] [Info  - 4:58:11 PM] (513) scanned(20) 123 files over 1 exec env
2024-02-18 16:58:11.474 [info] [Info  - 4:58:11 PM] (513) [BG(1)] Long operation: checking: file:///home/musbah/.local/lib/python3.9/site-packages/numpy/__init__.py (11684ms)
2024-02-18 16:58:11.474 [info] [Info  - 4:58:11 PM] (513) [BG(1)] Long operation: analyzing: file:///home/musbah/.local/lib/python3.9/site-packages/numpy/__init__.py (11924ms)
2024-02-18 16:58:21.406 [info] [Info  - 4:58:21 PM] (513) indexed(20) 101 files over 1 exec env
2024-02-18 16:58:27.106 [info] [Info  - 4:58:27 PM] (513) Indexing finished(20).
