2024-02-18 10:10:54.507 [info] Extension host with pid 127 started
2024-02-18 10:10:54.508 [error] Error: EEXIST: file already exists, open '/home/musbah/.vscode-server/data/User/workspaceStorage/aff6160c9029556aab11c4bf2f2d4a8d/vscode.lock'
2024-02-18 10:10:54.627 [info] Lock '/home/musbah/.vscode-server/data/User/workspaceStorage/aff6160c9029556aab11c4bf2f2d4a8d/vscode.lock': Could not acquire lock, checking if the file is stale.
2024-02-18 10:10:55.040 [info] ExtensionService#_doActivateExtension vscode.ipynb, startup: false, activationEvent: 'onNotebookSerializer:jupyter-notebook'
2024-02-18 10:10:55.414 [info] ExtensionService#_doActivateExtension mechatroner.rainbow-csv, startup: false, activationEvent: 'onLanguage:plaintext'
2024-02-18 10:10:55.416 [info] ExtensionService#_doActivateExtension vscode.emmet, startup: false, activationEvent: 'onLanguage'
2024-02-18 10:10:57.301 [info] ExtensionService#_doActivateExtension vscode.git-base, startup: true, activationEvent: '*', root cause: vscode.git
2024-02-18 10:10:57.376 [info] Lock '/home/musbah/.vscode-server/data/User/workspaceStorage/aff6160c9029556aab11c4bf2f2d4a8d/vscode.lock': The pid 132 appears to be gone.
2024-02-18 10:10:57.377 [info] Lock '/home/musbah/.vscode-server/data/User/workspaceStorage/aff6160c9029556aab11c4bf2f2d4a8d/vscode.lock': Deleting a stale lock.
2024-02-18 10:10:57.925 [info] Lock '/home/musbah/.vscode-server/data/User/workspaceStorage/aff6160c9029556aab11c4bf2f2d4a8d/vscode.lock': Lock acquired.
2024-02-18 10:10:58.047 [info] ExtensionService#_doActivateExtension vscode.git, startup: true, activationEvent: '*'
2024-02-18 10:10:58.049 [info] ExtensionService#_doActivateExtension vscode.github, startup: true, activationEvent: '*'
2024-02-18 10:11:01.686 [info] ExtensionService#_doActivateExtension ms-toolsai.jupyter, startup: false, activationEvent: 'onNotebook:jupyter-notebook'
2024-02-18 10:11:01.688 [info] ExtensionService#_doActivateExtension ms-toolsai.vscode-jupyter-cell-tags, startup: false, activationEvent: 'onNotebook:jupyter-notebook'
2024-02-18 10:11:01.689 [info] ExtensionService#_doActivateExtension ms-toolsai.vscode-jupyter-slideshow, startup: false, activationEvent: 'onNotebook:jupyter-notebook'
2024-02-18 10:11:01.690 [info] ExtensionService#_doActivateExtension ms-toolsai.jupyter-renderers, startup: false, activationEvent: 'onNotebook:*'
2024-02-18 10:11:12.048 [info] ExtensionService#_doActivateExtension ms-python.python, startup: false, activationEvent: 'api', root cause: ms-toolsai.jupyter
2024-02-18 10:11:15.405 [info] ExtensionService#_doActivateExtension vscode.debug-auto-launch, startup: false, activationEvent: 'onStartupFinished'
2024-02-18 10:11:15.410 [info] ExtensionService#_doActivateExtension vscode.merge-conflict, startup: false, activationEvent: 'onStartupFinished'
2024-02-18 10:11:15.990 [info] ExtensionService#_doActivateExtension vscode.extension-editing, startup: false, activationEvent: 'onLanguage:json'
2024-02-18 10:11:15.991 [info] ExtensionService#_doActivateExtension vscode.json-language-features, startup: false, activationEvent: 'onLanguage:json'
2024-02-18 10:11:15.992 [info] ExtensionService#_doActivateExtension vscode.npm, startup: false, activationEvent: 'onLanguage:json'
2024-02-18 10:11:17.735 [info] Eager extensions activated
2024-02-18 10:11:18.461 [info] ExtensionService#_doActivateExtension ms-python.vscode-pylance, startup: false, activationEvent: 'api', root cause: ms-python.python
2024-02-18 10:12:30.519 [info] ExtensionService#_doActivateExtension ms-python.debugpy, startup: false, activationEvent: 'onLanguage:python'
