2024-02-18 17:06:58.823 [info] (Client) Pylance async client (2024.2.2) started with python extension (2024.0.1)
2024-02-18 17:07:07.085 [info] [Info  - 5:07:07 PM] (1041) Pylance language server 2024.2.2 (pyright version 1.1.348, commit cfb1de0c) starting
2024-02-18 17:07:07.098 [info] [Info  - 5:07:07 PM] (1041) Server root directory: file:///home/musbah/.vscode-server/extensions/ms-python.vscode-pylance-2024.2.2/dist
2024-02-18 17:07:07.100 [info] [Info  - 5:07:07 PM] (1041) Starting service instance "Data-Science-Assingment"
2024-02-18 17:07:07.664 [info] [Info  - 5:07:07 PM] (1041) Setting pythonPath for service "Data-Science-Assingment": "/home/musbah/projects/Data-Science-Assingment/venv/bin/python"
2024-02-18 17:07:07.688 [info] [Info  - 5:07:07 PM] (1041) Setting environmentName for service "Data-Science-Assingment": "3.8.10 (venv venv)"
2024-02-18 17:07:07.909 [info] [Info  - 5:07:07 PM] (1041) Assuming Python version 3.8
2024-02-18 17:07:09.086 [info] [Info  - 5:07:09 PM] (1041) Auto-excluding /home/musbah/projects/Data-Science-Assingment/python-30days-assignment/virtualenv
2024-02-18 17:07:09.096 [info] [Info  - 5:07:09 PM] (1041) Auto-excluding /home/musbah/projects/Data-Science-Assingment/venv
2024-02-18 17:07:09.097 [info] [Info  - 5:07:09 PM] (1041) Found 28 source files
2024-02-18 17:07:17.770 [info] [Info  - 5:07:17 PM] (1041) Background analysis(1) root directory: file:///home/musbah/.vscode-server/extensions/ms-python.vscode-pylance-2024.2.2/dist
2024-02-18 17:07:17.770 [info] [Info  - 5:07:17 PM] (1041) Background analysis(1) started
2024-02-18 17:07:18.083 [info] [Info  - 5:07:18 PM] (1041) Indexer background runner(2) root directory: file:///home/musbah/.vscode-server/extensions/ms-python.vscode-pylance-2024.2.2/dist (index)
2024-02-18 17:07:18.084 [info] [Info  - 5:07:18 PM] (1041) Indexing(2) started
2024-02-18 17:07:28.472 [info] [Info  - 5:07:28 PM] (1041) [BG(1)] Long operation: checking: file:///home/musbah/projects/Data-Science-Assingment/python-30days-assignment/python%20crash/numpy100-exercise.ipynb.py#Y401sdnNjb2RlLXJlbW90ZQ%3D%3D (9011ms)
2024-02-18 17:07:28.472 [info] [Info  - 5:07:28 PM] (1041) [BG(1)] Long operation: analyzing: file:///home/musbah/projects/Data-Science-Assingment/python-30days-assignment/python%20crash/numpy100-exercise.ipynb.py#Y401sdnNjb2RlLXJlbW90ZQ%3D%3D (9232ms)
2024-02-18 17:07:30.448 [info] [Info  - 5:07:30 PM] (1041) [BG(1)] Long operation: analyzing: file:///home/musbah/projects/Data-Science-Assingment/python-30days-assignment/python%20crash/numpy100-exercise.ipynb.py#pylancePrefixCell (11250ms)
2024-02-18 17:07:31.221 [info] [Info  - 5:07:31 PM] (1041) [IDX(2)] Long operation: scan packages file:///home/musbah/projects/Data-Science-Assingment (13126ms)
2024-02-18 17:07:31.222 [info] [Info  - 5:07:31 PM] (1041) scanned(2) 123 files over 1 exec env
2024-02-18 17:07:34.615 [info] [Info  - 5:07:34 PM] (1041) indexed(2) 101 files over 1 exec env
2024-02-18 17:07:35.072 [info] [Info  - 5:07:35 PM] (1041) Indexing finished(2).
2024-02-18 17:31:08.964 [info] [Info  - 5:31:08 PM] (1041) [BG(1)] Long operation: analyzing: file:///home/musbah/projects/Data-Science-Assingment/python-30days-assignment/python%20crash/numpy100-exercise.ipynb.py#pylancePrefixCell (3852ms)
