2024-02-18 21:20:13.048 [info] (Client) Pylance async client (2024.2.2) started with python extension (2024.0.1)
2024-02-18 21:20:15.588 [info] [Info  - 9:20:15 PM] (5865) Pylance language server 2024.2.2 (pyright version 1.1.348, commit cfb1de0c) starting
2024-02-18 21:20:20.623 [info] [Info  - 9:20:20 PM] (5865) Server root directory: file:///home/musbah/.vscode-server/extensions/ms-python.vscode-pylance-2024.2.2/dist
2024-02-18 21:20:21.152 [info] [Info  - 9:20:21 PM] (5865) Starting service instance "Data-Science-Assingment"
2024-02-18 21:20:22.310 [info] [Info  - 9:20:22 PM] (5865) Setting pythonPath for service "Data-Science-Assingment": "/home/musbah/projects/Data-Science-Assingment/venv/bin/python"
2024-02-18 21:20:22.372 [info] [Info  - 9:20:22 PM] (5865) Setting environmentName for service "Data-Science-Assingment": "3.8.10 (venv venv)"
2024-02-18 21:20:22.807 [info] [Info  - 9:20:22 PM] (5865) Assuming Python version 3.8
2024-02-18 21:20:23.865 [info] [Info  - 9:20:23 PM] (5865) Auto-excluding /home/musbah/projects/Data-Science-Assingment/python-30days-assignment/virtualenv
2024-02-18 21:20:23.869 [info] [Info  - 9:20:23 PM] (5865) Auto-excluding /home/musbah/projects/Data-Science-Assingment/venv
2024-02-18 21:20:23.925 [info] [Info  - 9:20:23 PM] (5865) Found 28 source files
2024-02-18 21:20:23.939 [info] [Info  - 9:20:23 PM] (5865) Background analysis(1) root directory: file:///home/musbah/.vscode-server/extensions/ms-python.vscode-pylance-2024.2.2/dist
2024-02-18 21:20:23.944 [info] [Info  - 9:20:23 PM] (5865) Background analysis(1) started
2024-02-18 21:20:30.996 [info] [Info  - 9:20:30 PM] (5865) [FG] Long operation: parsing: file:///home/musbah/.vscode-server/extensions/ms-python.vscode-pylance-2024.2.2/dist/typeshed-fallback/stdlib/builtins.pyi (5540ms)
2024-02-18 21:20:31.647 [info] [Info  - 9:20:31 PM] (5865) [BG(1)] Long operation: parsing: file:///home/musbah/.vscode-server/extensions/ms-python.vscode-pylance-2024.2.2/dist/typeshed-fallback/stdlib/builtins.pyi (5641ms)
2024-02-18 21:20:31.647 [info] [Info  - 9:20:31 PM] (5865) [BG(1)] Long operation: indexing: file:///home/musbah/projects/Data-Science-Assingment/numpy.py (6305ms)
2024-02-18 21:20:31.819 [info] [Info  - 9:20:31 PM] (5865) Indexer background runner(2) root directory: file:///home/musbah/.vscode-server/extensions/ms-python.vscode-pylance-2024.2.2/dist (index)
2024-02-18 21:20:31.820 [info] [Info  - 9:20:31 PM] (5865) Indexing(2) started
2024-02-18 21:20:46.783 [info] [Info  - 9:20:46 PM] (5865) [BG(1)] Long operation: parsing: file:///home/musbah/projects/Data-Science-Assingment/python-30days-assignment/Day22/_22.py (7019ms)
2024-02-18 21:20:46.785 [info] [Info  - 9:20:46 PM] (5865) [BG(1)] Long operation: indexing: file:///home/musbah/projects/Data-Science-Assingment/python-30days-assignment/Day22/_22.py (7434ms)
2024-02-18 21:20:46.785 [info] [Info  - 9:20:46 PM] (5865) [BG(1)] Long operation: parsing: file:///home/musbah/projects/Data-Science-Assingment/python-30days-assignment/data/countries-data.py (3228ms)
2024-02-18 21:20:46.786 [info] [Info  - 9:20:46 PM] (5865) [BG(1)] Long operation: indexing: file:///home/musbah/projects/Data-Science-Assingment/python-30days-assignment/data/countries-data.py (3236ms)
2024-02-18 21:20:46.997 [info] [Info  - 9:20:46 PM] (5865) [IDX(2)] Long operation: scan packages file:///home/musbah/projects/Data-Science-Assingment (15153ms)
2024-02-18 21:20:46.998 [info] [Info  - 9:20:46 PM] (5865) scanned(2) 123 files over 1 exec env
2024-02-18 21:20:48.702 [info] [Info  - 9:20:48 PM] (5865) indexed(2) 101 files over 1 exec env
2024-02-18 21:20:48.926 [info] [Info  - 9:20:48 PM] (5865) Indexing finished(2).
2024-02-18 21:25:00.277 [info] [Info  - 9:25:00 PM] (5865) Setting pythonPath for service "Data-Science-Assingment": "/home/musbah/projects/Data-Science-Assingment/venv/bin/python"
2024-02-18 21:25:00.277 [info] [Info  - 9:25:00 PM] (5865) Setting environmentName for service "Data-Science-Assingment": "3.8.10 (venv venv)"
2024-02-18 21:25:00.731 [info] [Info  - 9:25:00 PM] (5865) Assuming Python version 3.8
2024-02-18 21:25:01.348 [info] [Info  - 9:25:01 PM] (5865) Auto-excluding /home/musbah/projects/Data-Science-Assingment/python-30days-assignment/virtualenv
2024-02-18 21:25:01.349 [info] [Info  - 9:25:01 PM] (5865) Auto-excluding /home/musbah/projects/Data-Science-Assingment/venv
2024-02-18 21:25:01.724 [info] [Info  - 9:25:01 PM] (5865) Found 128 source files
2024-02-18 21:25:04.607 [info] [Info  - 9:25:04 PM] (5865) Indexer background runner(3) root directory: file:///home/musbah/.vscode-server/extensions/ms-python.vscode-pylance-2024.2.2/dist (index)
2024-02-18 21:25:04.608 [info] [Info  - 9:25:04 PM] (5865) Indexing(3) started
2024-02-18 21:25:08.369 [info] [Info  - 9:25:08 PM] (5865) [BG(1)] Long operation: analyzing: file:///home/musbah/projects/Data-Science-Assingment/python-30days-assignment/python%20crash/numpy100-exercise.ipynb.py#pylancePrefixCell (5377ms)
2024-02-18 21:25:13.088 [info] [Info  - 9:25:13 PM] (5865) [IDX(3)] Long operation: scan packages file:///home/musbah/projects/Data-Science-Assingment (5294ms)
2024-02-18 21:25:13.089 [info] [Info  - 9:25:13 PM] (5865) scanned(3) 123 files over 1 exec env
2024-02-18 21:25:18.665 [info] [Info  - 9:25:18 PM] (5865) [IDX(3)] Long operation: index execution environment file:///home/musbah/projects/Data-Science-Assingment (5181ms)
2024-02-18 21:25:18.666 [info] [Info  - 9:25:18 PM] (5865) [IDX(3)] Long operation: index packages file:///home/musbah/projects/Data-Science-Assingment (5434ms)
2024-02-18 21:25:18.666 [info] [Info  - 9:25:18 PM] (5865) indexed(3) 101 files over 1 exec env
2024-02-18 21:25:19.289 [info] [Info  - 9:25:19 PM] (5865) Indexing finished(3).
2024-02-18 21:27:12.883 [info] [Info  - 9:27:12 PM] (5865) [BG(1)] Long operation: checking: file:///home/musbah/.local/lib/python3.9/site-packages/numpy/__init__.py (4275ms)
2024-02-18 21:27:12.883 [info] [Info  - 9:27:12 PM] (5865) [BG(1)] Long operation: analyzing: file:///home/musbah/.local/lib/python3.9/site-packages/numpy/__init__.py (4628ms)
