2024-02-18 21:16:38.419 [info] Experiment 'pythonaacf' is active
2024-02-18 21:16:38.420 [info] Experiment 'pythonRecommendTensorboardExt' is active
2024-02-18 21:16:38.420 [info] Experiment 'pythonREPLSmartSend' is active
2024-02-18 21:16:38.420 [info] Experiment 'pythonTerminalEnvVarActivation' is active
2024-02-18 21:16:38.420 [info] Experiment 'pythonTestAdapter' is active
2024-02-18 21:16:38.420 [info] Default formatter is set to null for workspace /home/musbah/projects/Data-Science-Assingment
2024-02-18 21:16:38.420 [info] Test server listening.
2024-02-18 21:16:38.420 [info] > conda info --json
2024-02-18 21:16:38.420 [info] Found: /bin/python3 --> /bin/python3.8
2024-02-18 21:16:38.420 [info] > ~/.conda/bin/conda info --json
2024-02-18 21:16:38.493 [info] Found: /bin/python3.8 --> /bin/python3.8
2024-02-18 21:16:38.549 [info] Found: /bin/python3.9 --> /bin/python3.9
2024-02-18 21:16:41.064 [info] > ~/miniconda3/bin/conda info --json
2024-02-18 21:16:41.322 [info] > ~/miniconda3/envs/datascience/bin/conda info --json
2024-02-18 21:16:42.505 [info] Found: /usr/bin/python3 --> /usr/bin/python3.8
2024-02-18 21:16:42.520 [info] Found: /usr/bin/python3.8 --> /usr/bin/python3.8
2024-02-18 21:16:42.693 [info] Found: /usr/bin/python3.9 --> /usr/bin/python3.9
2024-02-18 21:16:43.050 [info] > ./venv/bin/python -I ~/.vscode-server/extensions/ms-python.python-2024.0.1/pythonFiles/get_output_via_markers.py ~/.vscode-server/extensions/ms-python.python-2024.0.1/pythonFiles/interpreterInfo.py
2024-02-18 21:16:44.735 [info] > /bin/python3 -I ~/.vscode-server/extensions/ms-python.python-2024.0.1/pythonFiles/get_output_via_markers.py ~/.vscode-server/extensions/ms-python.python-2024.0.1/pythonFiles/interpreterInfo.py
2024-02-18 21:16:45.249 [info] Python interpreter path: ./venv/bin/python
2024-02-18 21:16:45.653 [info] > . ./venv/bin/activate && echo 'e8b39361-0157-4923-80e1-22d70d46dee6' && python ~/.vscode-server/extensions/ms-python.python-2024.0.1/pythonFiles/printEnvVariables.py
2024-02-18 21:16:45.653 [info] shell: bash
2024-02-18 21:16:45.752 [info] > . ./venv/bin/activate && echo 'e8b39361-0157-4923-80e1-22d70d46dee6' && python ~/.vscode-server/extensions/ms-python.python-2024.0.1/pythonFiles/printEnvVariables.py
2024-02-18 21:16:45.752 [info] shell: bash
2024-02-18 21:16:45.893 [info] > . ./venv/bin/activate && echo 'e8b39361-0157-4923-80e1-22d70d46dee6' && python ~/.vscode-server/extensions/ms-python.python-2024.0.1/pythonFiles/printEnvVariables.py
2024-02-18 21:16:45.893 [info] shell: bash
2024-02-18 21:16:46.193 [info] > /bin/python3 ~/.vscode-server/extensions/ms-python.python-2024.0.1/pythonFiles/printEnvVariables.py
2024-02-18 21:16:46.193 [info] shell: bash
2024-02-18 21:16:46.663 [info] Send text to terminal: /bin/python3 /home/musbah/.vscode-server/extensions/ms-python.python-2024.0.1/pythonFiles/printEnvVariablesToFile.py /home/musbah/.vscode-server/extensions/ms-python.python-2024.0.1/pythonFiles/deactivate/bash/envVars.txt
2024-02-18 21:16:47.098 [info] > /bin/python3.9 -I ~/.vscode-server/extensions/ms-python.python-2024.0.1/pythonFiles/get_output_via_markers.py ~/.vscode-server/extensions/ms-python.python-2024.0.1/pythonFiles/interpreterInfo.py
2024-02-18 21:17:03.297 [info] > /usr/bin/python3 -I ~/.vscode-server/extensions/ms-python.python-2024.0.1/pythonFiles/get_output_via_markers.py ~/.vscode-server/extensions/ms-python.python-2024.0.1/pythonFiles/interpreterInfo.py
2024-02-18 21:17:04.551 [error] [Error: Command failed: /bin/python3.9 -I /home/musbah/.vscode-server/extensions/ms-python.python-2024.0.1/pythonFiles/get_output_via_markers.py /home/musbah/.vscode-server/extensions/ms-python.python-2024.0.1/pythonFiles/interpreterInfo.py

	at ChildProcess.exithandler (node:child_process:420:12)
	at ChildProcess.emit (node:events:526:35)
	at maybeClose (node:internal/child_process:1091:16)
	at Socket.<anonymous> (node:internal/child_process:449:11)
	at Socket.emit (node:events:514:28)
	at Pipe.<anonymous> (node:net:323:12)] {
  code: null,
  killed: true,
  signal: 'SIGTERM',
  cmd: '/bin/python3.9 -I /home/musbah/.vscode-server/extensions/ms-python.python-2024.0.1/pythonFiles/get_output_via_markers.py /home/musbah/.vscode-server/extensions/ms-python.python-2024.0.1/pythonFiles/interpreterInfo.py'
}
2024-02-18 21:17:04.724 [info] Starting Pylance language server.
2024-02-18 21:17:05.880 [info] > /usr/bin/python3.9 -I ~/.vscode-server/extensions/ms-python.python-2024.0.1/pythonFiles/get_output_via_markers.py ~/.vscode-server/extensions/ms-python.python-2024.0.1/pythonFiles/interpreterInfo.py
2024-02-18 21:17:06.864 [info] > /bin/python3.9 -I ~/.vscode-server/extensions/ms-python.python-2024.0.1/pythonFiles/get_output_via_markers.py ~/.vscode-server/extensions/ms-python.python-2024.0.1/pythonFiles/interpreterInfo.py
2024-02-18 21:17:07.297 [error] Invalid version for /usr/bin/python3.9: {"name":"","location":"","kind":"global-other","executable":{"filename":"/usr/bin/python3.9","sysPrefix":"","ctime":1702070409874,"mtime":1692969604000},"display":"Python 3.9.x","version":{"major":3,"minor":9,"micro":-1},"arch":1,"distro":{"org":""},"source":["path env var"],"id":"/usr/bin/python3.9","detailedDisplayName":"Python 3.9.x"}
2024-02-18 21:17:07.300 [error] Invalid version for /usr/bin/python3.9: {"name":"","location":"","kind":"global-other","executable":{"filename":"/usr/bin/python3.9","sysPrefix":"","ctime":1702070409874,"mtime":1692969604000},"display":"Python 3.9.x","version":{"major":3,"minor":9,"micro":-1},"arch":1,"distro":{"org":""},"source":["path env var"],"id":"/usr/bin/python3.9","detailedDisplayName":"Python 3.9.x"}
2024-02-18 21:17:07.310 [error] Invalid version for /usr/bin/python3.9: {"name":"","location":"","kind":"global-other","executable":{"filename":"/usr/bin/python3.9","sysPrefix":"","ctime":1702070409874,"mtime":1692969604000},"display":"Python 3.9.x","version":{"major":3,"minor":9,"micro":-1},"arch":1,"distro":{"org":""},"source":["path env var"],"id":"/usr/bin/python3.9","detailedDisplayName":"Python 3.9.x"}
2024-02-18 21:17:07.311 [error] Invalid version for /usr/bin/python3.9: {"name":"","location":"","kind":"global-other","executable":{"filename":"/usr/bin/python3.9","sysPrefix":"","ctime":1702070409874,"mtime":1692969604000},"display":"Python 3.9.x","version":{"major":3,"minor":9,"micro":-1},"arch":1,"distro":{"org":""},"source":["path env var"],"id":"/usr/bin/python3.9","detailedDisplayName":"Python 3.9.x"}
