2024-02-18 16:42:21.265 [info] Log level: Info
2024-02-18 16:42:21.266 [info] Validating found git in: "git"
2024-02-18 16:42:21.266 [info] Using git "2.25.1" from "git"
2024-02-18 16:42:21.266 [info] > git rev-parse --show-toplevel [8967ms]
2024-02-18 16:42:21.266 [info] fatal: not a git repository (or any of the parent directories): .git
2024-02-18 16:42:21.266 [info] > git rev-parse --show-toplevel [172ms]
2024-02-18 16:42:21.266 [info] fatal: not a git repository (or any of the parent directories): .git
2024-02-18 16:42:28.447 [info] > git rev-parse --show-toplevel [7268ms]
2024-02-18 16:42:28.448 [info] fatal: not a git repository (or any of the parent directories): .git
2024-02-18 16:42:29.004 [info] > git rev-parse --show-toplevel [285ms]
2024-02-18 16:42:29.200 [info] > git rev-parse --git-dir --git-common-dir [67ms]
2024-02-18 16:42:29.376 [info] Open repository: /home/musbah/projects/Data-Science-Assingment/python-30days-assignment
2024-02-18 16:42:29.976 [info] > git rev-parse --show-toplevel [295ms]
2024-02-18 16:42:29.976 [info] fatal: not a git repository (or any of the parent directories): .git
2024-02-18 16:42:29.993 [info] > git config --get commit.template [418ms]
2024-02-18 16:42:31.995 [info] > git check-ignore -v -z --stdin [343ms]
2024-02-18 16:42:32.011 [info] > git rev-parse --show-toplevel [1857ms]
2024-02-18 16:42:32.351 [info] > git for-each-ref --format=%(refname)%00%(upstream:short)%00%(objectname)%00%(upstream:track)%00%(upstream:remotename)%00%(upstream:remoteref) refs/heads/main refs/remotes/main [454ms]
2024-02-18 16:42:32.381 [info] > git rev-parse --show-toplevel [37ms]
2024-02-18 16:42:32.381 [info] fatal: not a git repository (or any of the parent directories): .git
2024-02-18 16:42:32.850 [info] > git status -z -uall [215ms]
2024-02-18 16:42:38.627 [info] > git config --get commit.template [461ms]
2024-02-18 16:42:38.637 [info] > git merge-base refs/heads/main refs/remotes/origin/main [234ms]
2024-02-18 16:42:39.106 [info] > git for-each-ref --format=%(refname)%00%(upstream:short)%00%(objectname)%00%(upstream:track)%00%(upstream:remotename)%00%(upstream:remoteref) refs/heads/main refs/remotes/main [216ms]
2024-02-18 16:42:39.107 [info] > git rev-list --count --left-right refs/heads/main...refs/remotes/origin/main [354ms]
2024-02-18 16:42:39.300 [info] > git status -z -uall [31ms]
2024-02-18 16:43:12.778 [info] > git show --textconv :python crash/numpy100-exercise.ipynb [328ms]
2024-02-18 16:43:12.790 [info] > git ls-files --stage -- /home/musbah/projects/Data-Science-Assingment/python-30days-assignment/python crash/numpy100-exercise.ipynb [36ms]
2024-02-18 16:43:50.700 [info] > git show --textconv :python crash/numpy100-exercise.ipynb [126ms]
2024-02-18 16:43:50.725 [info] > git ls-files --stage -- /home/musbah/projects/Data-Science-Assingment/python-30days-assignment/python crash/numpy100-exercise.ipynb [35ms]
2024-02-18 16:43:56.426 [info] > git rev-parse --show-toplevel [204ms]
2024-02-18 16:43:56.426 [info] fatal: not a git repository (or any of the parent directories): .git
2024-02-18 16:44:05.035 [info] > git show --textconv :python crash/numpy100-exercise.ipynb [249ms]
2024-02-18 16:44:05.095 [info] > git ls-files --stage -- /home/musbah/projects/Data-Science-Assingment/python-30days-assignment/python crash/numpy100-exercise.ipynb [120ms]
2024-02-18 16:44:56.159 [info] > git show --textconv :python crash/numpy100-exercise.ipynb [283ms]
2024-02-18 16:44:56.207 [info] > git ls-files --stage -- /home/musbah/projects/Data-Science-Assingment/python-30days-assignment/python crash/numpy100-exercise.ipynb [56ms]
2024-02-18 16:45:36.009 [info] > git show --textconv :python crash/numpy100-exercise.ipynb [133ms]
2024-02-18 16:45:36.014 [info] > git ls-files --stage -- /home/musbah/projects/Data-Science-Assingment/python-30days-assignment/python crash/numpy100-exercise.ipynb [19ms]
2024-02-18 16:45:39.707 [info] > git show --textconv :python crash/numpy100-exercise.ipynb [106ms]
2024-02-18 16:45:39.723 [info] > git ls-files --stage -- /home/musbah/projects/Data-Science-Assingment/python-30days-assignment/python crash/numpy100-exercise.ipynb [19ms]
2024-02-18 16:50:55.946 [info] > git rev-parse --show-toplevel [10ms]
2024-02-18 16:50:55.946 [info] fatal: not a git repository (or any of the parent directories): .git
2024-02-18 16:50:58.816 [info] > git rev-parse --show-toplevel [6ms]
2024-02-18 16:50:58.817 [info] fatal: not a git repository (or any of the parent directories): .git
2024-02-18 16:59:12.239 [info] > git show --textconv :python crash/numpy100-exercise.ipynb [151ms]
2024-02-18 16:59:12.267 [info] > git ls-files --stage -- /home/musbah/projects/Data-Science-Assingment/python-30days-assignment/python crash/numpy100-exercise.ipynb [39ms]
2024-02-18 16:59:14.653 [info] > git rev-parse --show-toplevel [42ms]
2024-02-18 16:59:14.657 [info] fatal: not a git repository (or any of the parent directories): .git
2024-02-18 16:59:41.889 [info] > git show --textconv :python crash/numpy100-exercise.ipynb [91ms]
2024-02-18 16:59:41.912 [info] > git ls-files --stage -- /home/musbah/projects/Data-Science-Assingment/python-30days-assignment/python crash/numpy100-exercise.ipynb [31ms]
2024-02-18 17:00:48.315 [info] > git show --textconv :python crash/numpy100-exercise.ipynb [136ms]
2024-02-18 17:00:48.319 [info] > git ls-files --stage -- /home/musbah/projects/Data-Science-Assingment/python-30days-assignment/python crash/numpy100-exercise.ipynb [31ms]
2024-02-18 17:00:50.791 [info] > git rev-parse --show-toplevel [50ms]
2024-02-18 17:00:50.791 [info] fatal: not a git repository (or any of the parent directories): .git
2024-02-18 17:01:20.679 [info] > git show --textconv :python crash/numpy100-exercise.ipynb [111ms]
2024-02-18 17:01:20.699 [info] > git ls-files --stage -- /home/musbah/projects/Data-Science-Assingment/python-30days-assignment/python crash/numpy100-exercise.ipynb [29ms]
2024-02-18 17:01:53.567 [info] > git show --textconv :python crash/numpy100-exercise.ipynb [105ms]
2024-02-18 17:01:53.576 [info] > git ls-files --stage -- /home/musbah/projects/Data-Science-Assingment/python-30days-assignment/python crash/numpy100-exercise.ipynb [19ms]
2024-02-18 17:01:57.444 [info] > git show --textconv :python crash/numpy100-exercise.ipynb [77ms]
2024-02-18 17:01:57.461 [info] > git ls-files --stage -- /home/musbah/projects/Data-Science-Assingment/python-30days-assignment/python crash/numpy100-exercise.ipynb [20ms]
2024-02-18 17:02:00.003 [info] > git show --textconv :python crash/numpy100-exercise.ipynb [70ms]
2024-02-18 17:02:00.016 [info] > git ls-files --stage -- /home/musbah/projects/Data-Science-Assingment/python-30days-assignment/python crash/numpy100-exercise.ipynb [17ms]
2024-02-18 17:02:22.572 [info] > git show --textconv :python crash/numpy100-exercise.ipynb [117ms]
2024-02-18 17:02:22.583 [info] > git ls-files --stage -- /home/musbah/projects/Data-Science-Assingment/python-30days-assignment/python crash/numpy100-exercise.ipynb [19ms]
2024-02-18 17:02:24.985 [info] > git show --textconv :python crash/numpy100-exercise.ipynb [112ms]
2024-02-18 17:02:25.002 [info] > git ls-files --stage -- /home/musbah/projects/Data-Science-Assingment/python-30days-assignment/python crash/numpy100-exercise.ipynb [25ms]
2024-02-18 17:02:27.471 [info] > git show --textconv :python crash/numpy100-exercise.ipynb [98ms]
2024-02-18 17:02:27.472 [info] > git ls-files --stage -- /home/musbah/projects/Data-Science-Assingment/python-30days-assignment/python crash/numpy100-exercise.ipynb [20ms]
2024-02-18 17:02:31.609 [info] > git show --textconv :python crash/numpy100-exercise.ipynb [142ms]
2024-02-18 17:02:31.612 [info] > git ls-files --stage -- /home/musbah/projects/Data-Science-Assingment/python-30days-assignment/python crash/numpy100-exercise.ipynb [28ms]
2024-02-18 17:02:43.855 [info] > git show --textconv :python crash/numpy100-exercise.ipynb [248ms]
2024-02-18 17:02:43.867 [info] > git ls-files --stage -- /home/musbah/projects/Data-Science-Assingment/python-30days-assignment/python crash/numpy100-exercise.ipynb [16ms]
2024-02-18 17:02:48.489 [info] > git show --textconv :python crash/numpy100-exercise.ipynb [135ms]
2024-02-18 17:02:48.504 [info] > git ls-files --stage -- /home/musbah/projects/Data-Science-Assingment/python-30days-assignment/python crash/numpy100-exercise.ipynb [18ms]
2024-02-18 17:02:51.310 [info] > git show --textconv :python crash/numpy100-exercise.ipynb [114ms]
2024-02-18 17:02:51.326 [info] > git ls-files --stage -- /home/musbah/projects/Data-Science-Assingment/python-30days-assignment/python crash/numpy100-exercise.ipynb [18ms]
2024-02-18 17:02:54.324 [info] > git show --textconv :python crash/numpy100-exercise.ipynb [165ms]
2024-02-18 17:02:54.325 [info] > git ls-files --stage -- /home/musbah/projects/Data-Science-Assingment/python-30days-assignment/python crash/numpy100-exercise.ipynb [7ms]
2024-02-18 17:02:57.697 [info] > git show --textconv :python crash/numpy100-exercise.ipynb [79ms]
2024-02-18 17:02:57.715 [info] > git ls-files --stage -- /home/musbah/projects/Data-Science-Assingment/python-30days-assignment/python crash/numpy100-exercise.ipynb [20ms]
2024-02-18 17:02:59.686 [info] > git show --textconv :python crash/numpy100-exercise.ipynb [80ms]
2024-02-18 17:02:59.697 [info] > git ls-files --stage -- /home/musbah/projects/Data-Science-Assingment/python-30days-assignment/python crash/numpy100-exercise.ipynb [14ms]
2024-02-18 17:03:09.433 [info] > git show --textconv :python crash/numpy100-exercise.ipynb [79ms]
2024-02-18 17:03:09.448 [info] > git ls-files --stage -- /home/musbah/projects/Data-Science-Assingment/python-30days-assignment/python crash/numpy100-exercise.ipynb [18ms]
2024-02-18 17:03:13.768 [info] > git show --textconv :python crash/numpy100-exercise.ipynb [102ms]
2024-02-18 17:03:13.784 [info] > git ls-files --stage -- /home/musbah/projects/Data-Science-Assingment/python-30days-assignment/python crash/numpy100-exercise.ipynb [18ms]
2024-02-18 17:03:20.743 [info] > git show --textconv :python crash/numpy100-exercise.ipynb [147ms]
2024-02-18 17:03:20.762 [info] > git ls-files --stage -- /home/musbah/projects/Data-Science-Assingment/python-30days-assignment/python crash/numpy100-exercise.ipynb [39ms]
2024-02-18 17:03:31.297 [info] > git show --textconv :python crash/numpy100-exercise.ipynb [96ms]
2024-02-18 17:03:31.317 [info] > git ls-files --stage -- /home/musbah/projects/Data-Science-Assingment/python-30days-assignment/python crash/numpy100-exercise.ipynb [31ms]
2024-02-18 17:03:34.013 [info] > git show --textconv :python crash/numpy100-exercise.ipynb [83ms]
2024-02-18 17:03:34.029 [info] > git ls-files --stage -- /home/musbah/projects/Data-Science-Assingment/python-30days-assignment/python crash/numpy100-exercise.ipynb [19ms]
2024-02-18 17:03:36.873 [info] > git show --textconv :python crash/numpy100-exercise.ipynb [114ms]
2024-02-18 17:03:36.888 [info] > git ls-files --stage -- /home/musbah/projects/Data-Science-Assingment/python-30days-assignment/python crash/numpy100-exercise.ipynb [21ms]
2024-02-18 17:03:46.662 [info] > git show --textconv :python crash/numpy100-exercise.ipynb [97ms]
2024-02-18 17:03:46.668 [info] > git ls-files --stage -- /home/musbah/projects/Data-Science-Assingment/python-30days-assignment/python crash/numpy100-exercise.ipynb [15ms]
2024-02-18 17:03:50.183 [info] > git show --textconv :python crash/numpy100-exercise.ipynb [107ms]
2024-02-18 17:03:50.197 [info] > git ls-files --stage -- /home/musbah/projects/Data-Science-Assingment/python-30days-assignment/python crash/numpy100-exercise.ipynb [17ms]
2024-02-18 17:03:54.855 [info] > git show --textconv :python crash/numpy100-exercise.ipynb [150ms]
2024-02-18 17:03:54.886 [info] > git ls-files --stage -- /home/musbah/projects/Data-Science-Assingment/python-30days-assignment/python crash/numpy100-exercise.ipynb [45ms]
2024-02-18 17:04:02.196 [info] > git show --textconv :python crash/numpy100-exercise.ipynb [98ms]
2024-02-18 17:04:02.211 [info] > git ls-files --stage -- /home/musbah/projects/Data-Science-Assingment/python-30days-assignment/python crash/numpy100-exercise.ipynb [26ms]
2024-02-18 17:04:10.502 [info] > git show --textconv :python crash/numpy100-exercise.ipynb [115ms]
2024-02-18 17:04:10.509 [info] > git ls-files --stage -- /home/musbah/projects/Data-Science-Assingment/python-30days-assignment/python crash/numpy100-exercise.ipynb [11ms]
2024-02-18 17:04:16.191 [info] > git show --textconv :python crash/numpy100-exercise.ipynb [106ms]
2024-02-18 17:04:16.213 [info] > git ls-files --stage -- /home/musbah/projects/Data-Science-Assingment/python-30days-assignment/python crash/numpy100-exercise.ipynb [25ms]
2024-02-18 17:04:18.193 [info] > git show --textconv :python crash/numpy100-exercise.ipynb [118ms]
2024-02-18 17:04:18.207 [info] > git ls-files --stage -- /home/musbah/projects/Data-Science-Assingment/python-30days-assignment/python crash/numpy100-exercise.ipynb [27ms]
2024-02-18 17:04:19.800 [info] > git show --textconv :python crash/numpy100-exercise.ipynb [74ms]
2024-02-18 17:04:19.813 [info] > git ls-files --stage -- /home/musbah/projects/Data-Science-Assingment/python-30days-assignment/python crash/numpy100-exercise.ipynb [15ms]
2024-02-18 17:04:21.769 [info] > git show --textconv :python crash/numpy100-exercise.ipynb [89ms]
2024-02-18 17:04:21.785 [info] > git ls-files --stage -- /home/musbah/projects/Data-Science-Assingment/python-30days-assignment/python crash/numpy100-exercise.ipynb [19ms]
2024-02-18 17:04:30.275 [info] > git show --textconv :python crash/numpy100-exercise.ipynb [98ms]
2024-02-18 17:04:30.284 [info] > git ls-files --stage -- /home/musbah/projects/Data-Science-Assingment/python-30days-assignment/python crash/numpy100-exercise.ipynb [22ms]
2024-02-18 17:04:33.322 [info] > git show --textconv :python crash/numpy100-exercise.ipynb [111ms]
2024-02-18 17:04:33.327 [info] > git ls-files --stage -- /home/musbah/projects/Data-Science-Assingment/python-30days-assignment/python crash/numpy100-exercise.ipynb [24ms]
2024-02-18 17:04:36.938 [info] > git show --textconv :python crash/numpy100-exercise.ipynb [122ms]
2024-02-18 17:04:36.951 [info] > git ls-files --stage -- /home/musbah/projects/Data-Science-Assingment/python-30days-assignment/python crash/numpy100-exercise.ipynb [27ms]
2024-02-18 17:04:41.554 [info] > git show --textconv :python crash/numpy100-exercise.ipynb [120ms]
2024-02-18 17:04:41.578 [info] > git ls-files --stage -- /home/musbah/projects/Data-Science-Assingment/python-30days-assignment/python crash/numpy100-exercise.ipynb [29ms]
2024-02-18 17:05:08.363 [info] > git show --textconv :python crash/numpy100-exercise.ipynb [100ms]
2024-02-18 17:05:08.381 [info] > git ls-files --stage -- /home/musbah/projects/Data-Science-Assingment/python-30days-assignment/python crash/numpy100-exercise.ipynb [28ms]
2024-02-18 17:05:34.120 [info] > git show --textconv :python crash/numpy100-exercise.ipynb [179ms]
2024-02-18 17:05:34.143 [info] > git ls-files --stage -- /home/musbah/projects/Data-Science-Assingment/python-30days-assignment/python crash/numpy100-exercise.ipynb [97ms]
2024-02-18 17:05:37.077 [info] > git config --get commit.template [73ms]
2024-02-18 17:05:37.401 [info] > git for-each-ref --format=%(refname)%00%(upstream:short)%00%(objectname)%00%(upstream:track)%00%(upstream:remotename)%00%(upstream:remoteref) refs/heads/main refs/remotes/main [60ms]
2024-02-18 17:05:37.672 [info] > git status -z -uall [40ms]
2024-02-18 17:05:41.218 [info] > git merge-base refs/heads/main refs/remotes/origin/main [1304ms]
2024-02-18 17:05:43.656 [info] > git rev-list --count --left-right refs/heads/main...refs/remotes/origin/main [1503ms]
2024-02-18 17:05:57.780 [info] > git show --textconv :python crash/numpy100-exercise.ipynb [134ms]
2024-02-18 17:05:57.785 [info] > git ls-files --stage -- /home/musbah/projects/Data-Science-Assingment/python-30days-assignment/python crash/numpy100-exercise.ipynb [19ms]
